This is pdfTeX, Version 3.141592653-2.6-1.40.24 (TeX Live 2022) (preloaded format=pdflatex 2023.1.27)  10 APR 2023 21:04
entering extended mode
 restricted \write18 enabled.
 %&-line parsing enabled.
**refman
(./refman.tex
LaTeX2e <2021-11-15> patch level 1
L3 programming layer <2022-02-24>
(/usr/local/texlive/2022/texmf-dist/tex/latex/base/book.cls
Document Class: book 2021/10/04 v1.4n Standard LaTeX document class
(/usr/local/texlive/2022/texmf-dist/tex/latex/base/bk10.clo
File: bk10.clo 2021/10/04 v1.4n Standard LaTeX file (size option)
)
\c@part=\count185
\c@chapter=\count186
\c@section=\count187
\c@subsection=\count188
\c@subsubsection=\count189
\c@paragraph=\count190
\c@subparagraph=\count191
\c@figure=\count192
\c@table=\count193
\abovecaptionskip=\skip47
\belowcaptionskip=\skip48
\bibindent=\dimen138
)
(/usr/local/texlive/2022/texmf-dist/tex/latex/base/ifthen.sty
Package: ifthen 2020/11/24 v1.1c Standard LaTeX ifthen package (DPC)
)
(/usr/local/texlive/2022/texmf-dist/tex/latex/tools/array.sty
Rollback for package 'array' requested -> date 2016-10-06.
         Best approximation is the release introduced on 2016-10-06.

(/usr/local/texlive/2022/texmf-dist/tex/latex/tools/array-2016-10-06.sty
Package: array 2016/10/06 v2.4d Tabular extension package (FMi)
\col@sep=\dimen139
\extrarowheight=\dimen140
\NC@list=\toks16
\extratabsurround=\skip49
\backup@length=\skip50
))
(/usr/local/texlive/2022/texmf-dist/tex/latex/base/fixltx2e.sty
Package: fixltx2e 2016/12/29 v2.1a fixes to LaTeX (obsolete)
Applying: [2015/01/01] Old fixltx2e package on input line 46.


Package fixltx2e Warning: fixltx2e is not required with releases after 2015
(fixltx2e)                All fixes are now in the LaTeX kernel.
(fixltx2e)                See the latexrelease package for details.

Already applied: [0000/00/00] Old fixltx2e package on input line 53.
) (./doxygen.sty
Package: doxygen 
 (/usr/local/texlive/2022/texmf-dist/tex/latex/base/alltt.sty
Package: alltt 2021/01/29 v2.0g defines alltt environment
)
(/usr/local/texlive/2022/texmf-dist/tex/latex/tools/calc.sty
Package: calc 2017/05/25 v4.3 Infix arithmetic (KKT,FJ)
\calc@Acount=\count194
\calc@Bcount=\count195
\calc@Adimen=\dimen141
\calc@Bdimen=\dimen142
\calc@Askip=\skip51
\calc@Bskip=\skip52
LaTeX Info: Redefining \setlength on input line 80.
LaTeX Info: Redefining \addtolength on input line 81.
\calc@Ccount=\count196
\calc@Cskip=\skip53
)
(/usr/local/texlive/2022/texmf-dist/tex/latex/float/float.sty
Package: float 2001/11/08 v1.3d Float enhancements (AL)
\c@float@type=\count197
\float@exts=\toks17
\float@box=\box50
\@float@everytoks=\toks18
\@floatcapt=\box51
)
(/usr/local/texlive/2022/texmf-dist/tex/latex/tools/verbatim.sty
Package: verbatim 2020-07-07 v1.5u LaTeX2e package for verbatim enhancements
\every@verbatim=\toks19
\verbatim@line=\toks20
\verbatim@in@stream=\read2
)
(/usr/local/texlive/2022/texmf-dist/tex/latex/xcolor/xcolor.sty
Package: xcolor 2021/10/31 v2.13 LaTeX color extensions (UK)

(/usr/local/texlive/2022/texmf-dist/tex/latex/graphics-cfg/color.cfg
File: color.cfg 2016/01/02 v1.6 sample color configuration
)
Package xcolor Info: Driver file: pdftex.def on input line 227.

(/usr/local/texlive/2022/texmf-dist/tex/latex/graphics-def/pdftex.def
File: pdftex.def 2020/10/05 v1.2a Graphics/color driver for pdftex
)
(/usr/local/texlive/2022/texmf-dist/tex/latex/colortbl/colortbl.sty
Package: colortbl 2020/01/04 v1.0e Color table columns (DPC)
\everycr=\toks21
\minrowclearance=\skip54
)
\rownum=\count198
Package xcolor Info: Model `cmy' substituted by `cmy0' on input line 1352.
Package xcolor Info: Model `hsb' substituted by `rgb' on input line 1356.
Package xcolor Info: Model `RGB' extended on input line 1368.
Package xcolor Info: Model `HTML' substituted by `rgb' on input line 1370.
Package xcolor Info: Model `Hsb' substituted by `hsb' on input line 1371.
Package xcolor Info: Model `tHsb' substituted by `hsb' on input line 1372.
Package xcolor Info: Model `HSB' substituted by `hsb' on input line 1373.
Package xcolor Info: Model `Gray' substituted by `gray' on input line 1374.
Package xcolor Info: Model `wave' substituted by `hsb' on input line 1375.
)
(./longtable_doxygen.sty
Package: longtable_doxygen 2014/10/28 v4.11 Multi-page Table package (DPC) - fr
ozen version for doxygen
\LTleft=\skip55
\LTright=\skip56
\LTpre=\skip57
\LTpost=\skip58
\LTchunksize=\count199
\LTcapwidth=\dimen143
\LT@head=\box52
\LT@firsthead=\box53
\LT@foot=\box54
\LT@lastfoot=\box55
\LT@cols=\count266
\LT@rows=\count267
\c@LT@tables=\count268
\c@LT@chunks=\count269
\LT@p@ftn=\toks22
) (./tabu_doxygen.sty
Package: tabu_doxygen 2011/02/26 v2.8 - flexible LaTeX tabulars (FC), frozen ve
rsion for doxygen

(/usr/local/texlive/2022/texmf-dist/tex/latex/varwidth/varwidth.sty
Package: varwidth 2009/03/30 ver 0.92;  Variable-width minipages
\@vwid@box=\box56
\sift@deathcycles=\count270
\@vwid@loff=\dimen144
\@vwid@roff=\dimen145
)
\c@taburow=\count271
\tabu@nbcols=\count272
\tabu@cnt=\count273
\tabu@Xcol=\count274
\tabu@alloc=\count275
\tabu@nested=\count276
\tabu@target=\dimen146
\tabu@spreadtarget=\dimen147
\tabu@naturalX=\dimen148
\tabucolX=\dimen149
\tabu@Xsum=\dimen150
\extrarowdepth=\dimen151
\abovetabulinesep=\dimen152
\belowtabulinesep=\dimen153
\tabustrutrule=\dimen154
\tabu@thebody=\toks23
\tabu@footnotes=\toks24
\tabu@box=\box57
\tabu@arstrutbox=\box58
\tabu@hleads=\box59
\tabu@vleads=\box60
\tabu@cellskip=\skip59
)
(/usr/local/texlive/2022/texmf-dist/tex/latex/fancyvrb/fancyvrb.sty
Package: fancyvrb 2021/12/21 4.1b verbatim text (tvz,hv)

(/usr/local/texlive/2022/texmf-dist/tex/latex/graphics/keyval.sty
Package: keyval 2014/10/28 v1.15 key=value parser (DPC)
\KV@toks@=\toks25
)
\FV@CodeLineNo=\count277
\FV@InFile=\read3
\FV@TabBox=\box61
\c@FancyVerbLine=\count278
\FV@StepNumber=\count279
\FV@OutFile=\write3
)
(/usr/local/texlive/2022/texmf-dist/tex/latex/tools/tabularx.sty
Package: tabularx 2020/01/15 v2.11c `tabularx' package (DPC)
\TX@col@width=\dimen155
\TX@old@table=\dimen156
\TX@old@col=\dimen157
\TX@target=\dimen158
\TX@delta=\dimen159
\TX@cols=\count280
\TX@ftn=\toks26
)
(/usr/local/texlive/2022/texmf-dist/tex/latex/tools/multicol.sty
Package: multicol 2021/10/28 v1.9b multicolumn formatting (FMi)
\c@tracingmulticols=\count281
\mult@box=\box62
\multicol@leftmargin=\dimen160
\c@unbalance=\count282
\c@collectmore=\count283
\doublecol@number=\count284
\multicoltolerance=\count285
\multicolpretolerance=\count286
\full@width=\dimen161
\page@free=\dimen162
\premulticols=\dimen163
\postmulticols=\dimen164
\multicolsep=\skip60
\multicolbaselineskip=\skip61
\partial@page=\box63
\last@line=\box64
\maxbalancingoverflow=\dimen165
\mult@rightbox=\box65
\mult@grightbox=\box66
\mult@firstbox=\box67
\mult@gfirstbox=\box68
\@tempa=\box69
\@tempa=\box70
\@tempa=\box71
\@tempa=\box72
\@tempa=\box73
\@tempa=\box74
\@tempa=\box75
\@tempa=\box76
\@tempa=\box77
\@tempa=\box78
\@tempa=\box79
\@tempa=\box80
\@tempa=\box81
\@tempa=\box82
\@tempa=\box83
\@tempa=\box84
\@tempa=\box85
\@tempa=\box86
\@tempa=\box87
\@tempa=\box88
\@tempa=\box89
\@tempa=\box90
\@tempa=\box91
\@tempa=\box92
\@tempa=\box93
\@tempa=\box94
\@tempa=\box95
\@tempa=\box96
\@tempa=\box97
\@tempa=\box98
\@tempa=\box99
\@tempa=\box100
\@tempa=\box101
\@tempa=\box102
\@tempa=\box103
\@tempa=\box104
\c@minrows=\count287
\c@columnbadness=\count288
\c@finalcolumnbadness=\count289
\last@try=\dimen166
\multicolovershoot=\dimen167
\multicolundershoot=\dimen168
\mult@nat@firstbox=\box105
\colbreak@box=\box106
\mc@col@check@num=\count290
)
(/usr/local/texlive/2022/texmf-dist/tex/latex/multirow/multirow.sty
Package: multirow 2021/03/15 v2.8 Span multiple rows of a table
\multirow@colwidth=\skip62
\multirow@cntb=\count291
\multirow@dima=\skip63
\bigstrutjot=\dimen169
)
(/usr/local/texlive/2022/texmf-dist/tex/latex/hanging/hanging.sty
Package: hanging 2009/09/02 v1.2b hanging paragraphs and punctuation
\h@ngcommawd=\skip64
\h@ngfstopwd=\skip65
\h@ngquotewd=\skip66
\h@ngdquotewd=\skip67
\h@ngquerywd=\skip68
\h@ngexclwd=\skip69
\h@ngcolonwd=\skip70
\h@ngscolonwd=\skip71
)
(/usr/local/texlive/2022/texmf-dist/tex/generic/iftex/ifpdf.sty
Package: ifpdf 2019/10/25 v3.4 ifpdf legacy package. Use iftex instead.

(/usr/local/texlive/2022/texmf-dist/tex/generic/iftex/iftex.sty
Package: iftex 2022/02/03 v1.0f TeX engine tests
))
(/usr/local/texlive/2022/texmf-dist/tex/latex/adjustbox/adjustbox.sty
Package: adjustbox 2020/08/19 v1.3 Adjusting TeX boxes (trim, clip, ...)

(/usr/local/texlive/2022/texmf-dist/tex/latex/xkeyval/xkeyval.sty
Package: xkeyval 2020/11/20 v2.8 package option processing (HA)

(/usr/local/texlive/2022/texmf-dist/tex/generic/xkeyval/xkeyval.tex
(/usr/local/texlive/2022/texmf-dist/tex/generic/xkeyval/xkvutils.tex
\XKV@toks=\toks27
\XKV@tempa@toks=\toks28
)
\XKV@depth=\count292
File: xkeyval.tex 2014/12/03 v2.7a key=value parser (HA)
))
(/usr/local/texlive/2022/texmf-dist/tex/latex/adjustbox/adjcalc.sty
Package: adjcalc 2012/05/16 v1.1 Provides advanced setlength with multiple back
-ends (calc, etex, pgfmath)
)
(/usr/local/texlive/2022/texmf-dist/tex/latex/adjustbox/trimclip.sty
Package: trimclip 2020/08/19 v1.2 Trim and clip general TeX material

(/usr/local/texlive/2022/texmf-dist/tex/latex/graphics/graphicx.sty
Package: graphicx 2021/09/16 v1.2d Enhanced LaTeX Graphics (DPC,SPQR)

(/usr/local/texlive/2022/texmf-dist/tex/latex/graphics/graphics.sty
Package: graphics 2021/03/04 v1.4d Standard LaTeX Graphics (DPC,SPQR)

(/usr/local/texlive/2022/texmf-dist/tex/latex/graphics/trig.sty
Package: trig 2021/08/11 v1.11 sin cos tan (DPC)
)
(/usr/local/texlive/2022/texmf-dist/tex/latex/graphics-cfg/graphics.cfg
File: graphics.cfg 2016/06/04 v1.11 sample graphics configuration
)
Package graphics Info: Driver file: pdftex.def on input line 107.
)
\Gin@req@height=\dimen170
\Gin@req@width=\dimen171
)
(/usr/local/texlive/2022/texmf-dist/tex/latex/collectbox/collectbox.sty
Package: collectbox 2012/05/17 v0.4b Collect macro arguments as boxes
\collectedbox=\box107
)
\tc@llx=\dimen172
\tc@lly=\dimen173
\tc@urx=\dimen174
\tc@ury=\dimen175
Package trimclip Info: Using driver 'tc-pdftex.def'.

(/usr/local/texlive/2022/texmf-dist/tex/latex/adjustbox/tc-pdftex.def
File: tc-pdftex.def 2019/01/04 v2.2 Clipping driver for pdftex
))
\adjbox@Width=\dimen176
\adjbox@Height=\dimen177
\adjbox@Depth=\dimen178
\adjbox@Totalheight=\dimen179
\adjbox@pwidth=\dimen180
\adjbox@pheight=\dimen181
\adjbox@pdepth=\dimen182
\adjbox@ptotalheight=\dimen183

(/usr/local/texlive/2022/texmf-dist/tex/latex/ifoddpage/ifoddpage.sty
Package: ifoddpage 2016/04/23 v1.1 Conditionals for odd/even page detection
\c@checkoddpage=\count293
))
(/usr/local/texlive/2022/texmf-dist/tex/latex/amsfonts/amssymb.sty
Package: amssymb 2013/01/14 v3.01 AMS font symbols

(/usr/local/texlive/2022/texmf-dist/tex/latex/amsfonts/amsfonts.sty
Package: amsfonts 2013/01/14 v3.01 Basic AMSFonts support
\@emptytoks=\toks29
\symAMSa=\mathgroup4
\symAMSb=\mathgroup5
LaTeX Font Info:    Redeclaring math symbol \hbar on input line 98.
LaTeX Font Info:    Overwriting math alphabet `\mathfrak' in version `bold'
(Font)                  U/euf/m/n --> U/euf/b/n on input line 106.
))
(/usr/local/texlive/2022/texmf-dist/tex/latex/stackengine/stackengine.sty
Package: stackengine 2021/07/22 v4.11\ Stacking text and objects in convenient 
ways

(/usr/local/texlive/2022/texmf-dist/tex/latex/etoolbox/etoolbox.sty
Package: etoolbox 2020/10/05 v2.5k e-TeX tools for LaTeX (JAW)
\etb@tempcnta=\count294
)
(/usr/local/texlive/2022/texmf-dist/tex/generic/listofitems/listofitems.sty
(/usr/local/texlive/2022/texmf-dist/tex/generic/listofitems/listofitems.tex
\loi_cnt_foreach_nest=\count295
\loi_nestcnt=\count296
)
Package: listofitems 2019/08/21 v1.63 Grab items in lists using user-specified 
sep char (CT)
)
\c@@stackindex=\count297
\@boxshift=\skip72
\stack@tmplength=\skip73
\temp@stkl=\skip74
\@stackedboxwidth=\skip75
\@addedbox=\box108
\@anchorbox=\box109
\@insetbox=\box110
\se@backgroundbox=\box111
\stackedbox=\box112
\@centerbox=\box113
\c@ROWcellindex@=\count298
)
(/usr/local/texlive/2022/texmf-dist/tex/latex/enumitem/enumitem.sty
Package: enumitem 2019/06/20 v3.9 Customized lists
\labelindent=\skip76
\enit@outerparindent=\dimen184
\enit@toks=\toks30
\enit@inbox=\box114
\enit@count@id=\count299
\enitdp@description=\count300
)
(/usr/local/texlive/2022/texmf-dist/tex/generic/alphalph/alphalph.sty
Package: alphalph 2019/12/09 v2.6 Convert numbers to letters (HO)

(/usr/local/texlive/2022/texmf-dist/tex/generic/infwarerr/infwarerr.sty
Package: infwarerr 2019/12/03 v1.5 Providing info/warning/error messages (HO)
)
(/usr/local/texlive/2022/texmf-dist/tex/generic/intcalc/intcalc.sty
Package: intcalc 2019/12/15 v1.3 Expandable calculations with integers (HO)
))
(/usr/local/texlive/2022/texmf-dist/tex/generic/ulem/ulem.sty
\UL@box=\box115
\UL@hyphenbox=\box116
\UL@skip=\skip77
\UL@hook=\toks31
\UL@height=\dimen185
\UL@pe=\count301
\UL@pixel=\dimen186
\ULC@box=\box117
Package: ulem 2019/11/18
\ULdepth=\dimen187
)
\xrefbox=\box118
\xreflength=\skip78
\CodeWidthChar=\skip79
\CodeHeightChar=\skip80
\DoxyCodeWidth=\skip81
\c@DoxyEnumeratei=\count302
\c@DoxyEnumerateii=\count303
\c@DoxyEnumerateiii=\count304
\c@DoxyEnumerateiv=\count305
\c@DoxyEnumeratev=\count306
\c@DoxyEnumeratevi=\count307
\c@DoxyEnumeratevii=\count308
\c@DoxyEnumerateviii=\count309
\c@DoxyEnumerateix=\count310
\c@DoxyEnumeratex=\count311
\c@DoxyEnumeratexi=\count312
\c@DoxyEnumeratexii=\count313
\enitdp@DoxyEnumerate=\count314
\enitdp@DoxyItemize=\count315
)
(/usr/local/texlive/2022/texmf-dist/tex/latex/base/inputenc.sty
Package: inputenc 2021/02/14 v1.3d Input encoding file
\inpenc@prehook=\toks32
\inpenc@posthook=\toks33
)
(/usr/local/texlive/2022/texmf-dist/tex/latex/base/makeidx.sty
Package: makeidx 2021/10/04 v1.0m Standard LaTeX package
)
(/usr/local/texlive/2022/texmf-dist/tex/latex/base/textcomp.sty
Package: textcomp 2020/02/02 v2.0n Standard LaTeX package
)
(/usr/local/texlive/2022/texmf-dist/tex/latex/wasysym/wasysym.sty
Package: wasysym 2020/01/19 v2.4 Wasy-2 symbol support package
\symwasy=\mathgroup6
LaTeX Font Info:    Overwriting symbol font `wasy' in version `bold'
(Font)                  U/wasy/m/n --> U/wasy/b/n on input line 93.
)
(/usr/local/texlive/2022/texmf-dist/tex/generic/iftex/ifxetex.sty
Package: ifxetex 2019/10/25 v0.7 ifxetex legacy package. Use iftex instead.
)
(/usr/local/texlive/2022/texmf-dist/tex/latex/base/fontenc.sty
Package: fontenc 2021/04/29 v2.0v Standard LaTeX package
)
(/usr/local/texlive/2022/texmf-dist/tex/latex/psnfss/helvet.sty
Package: helvet 2020/03/25 PSNFSS-v9.3 (WaS) 
)
(/usr/local/texlive/2022/texmf-dist/tex/latex/psnfss/courier.sty
Package: courier 2020/03/25 PSNFSS-v9.3 (WaS) 
)
(/usr/local/texlive/2022/texmf-dist/tex/latex/sectsty/sectsty.sty
Package: sectsty 2002/02/25 v2.0.2 Commands to change all sectional heading sty
les


LaTeX Warning: Command \underbar  has changed.
               Check if current package is valid.


LaTeX Warning: Command \underline  has changed.
               Check if current package is valid.

) (/usr/local/texlive/2022/texmf-dist/tex/latex/geometry/geometry.sty
Package: geometry 2020/01/02 v5.9 Page Geometry

(/usr/local/texlive/2022/texmf-dist/tex/generic/iftex/ifvtex.sty
Package: ifvtex 2019/10/25 v1.7 ifvtex legacy package. Use iftex instead.
)
\Gm@cnth=\count316
\Gm@cntv=\count317
\c@Gm@tempcnt=\count318
\Gm@bindingoffset=\dimen188
\Gm@wd@mp=\dimen189
\Gm@odd@mp=\dimen190
\Gm@even@mp=\dimen191
\Gm@layoutwidth=\dimen192
\Gm@layoutheight=\dimen193
\Gm@layouthoffset=\dimen194
\Gm@layoutvoffset=\dimen195
\Gm@dimlist=\toks34
)
(/usr/local/texlive/2022/texmf-dist/tex/latex/changepage/changepage.sty
Package: changepage 2009/10/20 v1.0c check page and change page layout
\c@cp@cntr=\count319
\cp@tempcnt=\count320
LaTeX Info: Redefining \checkoddpage on input line 59.
)
(/usr/local/texlive/2022/texmf-dist/tex/latex/fancyhdr/fancyhdr.sty
Package: fancyhdr 2021/01/28 v4.0.1 Extensive control of page headers and foote
rs
\f@nch@headwidth=\skip82
\f@nch@O@elh=\skip83
\f@nch@O@erh=\skip84
\f@nch@O@olh=\skip85
\f@nch@O@orh=\skip86
\f@nch@O@elf=\skip87
\f@nch@O@erf=\skip88
\f@nch@O@olf=\skip89
\f@nch@O@orf=\skip90
)
(/usr/local/texlive/2022/texmf-dist/tex/latex/natbib/natbib.sty
Package: natbib 2010/09/13 8.31b (PWD, AO)
\bibhang=\skip91
\bibsep=\skip92
LaTeX Info: Redefining \cite on input line 694.
\c@NAT@ctr=\count321
)
(/usr/local/texlive/2022/texmf-dist/tex/latex/tocloft/tocloft.sty
Package: tocloft 2017/08/31 v2.3i parameterised ToC, etc., typesetting
Package tocloft Info: The document has chapter divisions on input line 51.
\cftparskip=\skip93
\cftbeforetoctitleskip=\skip94
\cftaftertoctitleskip=\skip95
\cftbeforepartskip=\skip96
\cftpartnumwidth=\skip97
\cftpartindent=\skip98
\cftbeforechapskip=\skip99
\cftchapindent=\skip100
\cftchapnumwidth=\skip101
\cftbeforesecskip=\skip102
\cftsecindent=\skip103
\cftsecnumwidth=\skip104
\cftbeforesubsecskip=\skip105
\cftsubsecindent=\skip106
\cftsubsecnumwidth=\skip107
\cftbeforesubsubsecskip=\skip108
\cftsubsubsecindent=\skip109
\cftsubsubsecnumwidth=\skip110
\cftbeforeparaskip=\skip111
\cftparaindent=\skip112
\cftparanumwidth=\skip113
\cftbeforesubparaskip=\skip114
\cftsubparaindent=\skip115
\cftsubparanumwidth=\skip116
\cftbeforeloftitleskip=\skip117
\cftafterloftitleskip=\skip118
\cftbeforefigskip=\skip119
\cftfigindent=\skip120
\cftfignumwidth=\skip121
\c@lofdepth=\count322
\c@lotdepth=\count323
\cftbeforelottitleskip=\skip122
\cftafterlottitleskip=\skip123
\cftbeforetabskip=\skip124
\cfttabindent=\skip125
\cfttabnumwidth=\skip126
)
\@indexfile=\write4
\openout4 = `refman.idx'.


Writing index file refman.idx

(/usr/local/texlive/2022/texmf-dist/tex/latex/newunicodechar/newunicodechar.sty
Package: newunicodechar 2018/04/08 v1.2 Defining Unicode characters
)

Package newunicodechar Warning: Redefining Unicode character on input line 117.



Package newunicodechar Warning: Redefining Unicode character on input line 118.


(/usr/local/texlive/2022/texmf-dist/tex/latex/hyperref/hyperref.sty
Package: hyperref 2022-02-21 v7.00n Hypertext links for LaTeX

(/usr/local/texlive/2022/texmf-dist/tex/generic/ltxcmds/ltxcmds.sty
Package: ltxcmds 2020-05-10 v1.25 LaTeX kernel commands for general use (HO)
)
(/usr/local/texlive/2022/texmf-dist/tex/generic/pdftexcmds/pdftexcmds.sty
Package: pdftexcmds 2020-06-27 v0.33 Utility functions of pdfTeX for LuaTeX (HO
)
Package pdftexcmds Info: \pdf@primitive is available.
Package pdftexcmds Info: \pdf@ifprimitive is available.
Package pdftexcmds Info: \pdfdraftmode found.
)
(/usr/local/texlive/2022/texmf-dist/tex/generic/kvsetkeys/kvsetkeys.sty
Package: kvsetkeys 2019/12/15 v1.18 Key value parser (HO)
)
(/usr/local/texlive/2022/texmf-dist/tex/generic/kvdefinekeys/kvdefinekeys.sty
Package: kvdefinekeys 2019-12-19 v1.6 Define keys (HO)
)
(/usr/local/texlive/2022/texmf-dist/tex/generic/pdfescape/pdfescape.sty
Package: pdfescape 2019/12/09 v1.15 Implements pdfTeX's escape features (HO)
)
(/usr/local/texlive/2022/texmf-dist/tex/latex/hycolor/hycolor.sty
Package: hycolor 2020-01-27 v1.10 Color options for hyperref/bookmark (HO)
)
(/usr/local/texlive/2022/texmf-dist/tex/latex/letltxmacro/letltxmacro.sty
Package: letltxmacro 2019/12/03 v1.6 Let assignment for LaTeX macros (HO)
)
(/usr/local/texlive/2022/texmf-dist/tex/latex/auxhook/auxhook.sty
Package: auxhook 2019-12-17 v1.6 Hooks for auxiliary files (HO)
)
(/usr/local/texlive/2022/texmf-dist/tex/latex/kvoptions/kvoptions.sty
Package: kvoptions 2020-10-07 v3.14 Key value format for package options (HO)
)
\@linkdim=\dimen196
\Hy@linkcounter=\count324
\Hy@pagecounter=\count325

(/usr/local/texlive/2022/texmf-dist/tex/latex/hyperref/pd1enc.def
File: pd1enc.def 2022-02-21 v7.00n Hyperref: PDFDocEncoding definition (HO)
Now handling font encoding PD1 ...
... no UTF-8 mapping file for font encoding PD1
)
(/usr/local/texlive/2022/texmf-dist/tex/generic/etexcmds/etexcmds.sty
Package: etexcmds 2019/12/15 v1.7 Avoid name clashes with e-TeX commands (HO)
)
\Hy@SavedSpaceFactor=\count326

(/usr/local/texlive/2022/texmf-dist/tex/latex/hyperref/puenc.def
File: puenc.def 2022-02-21 v7.00n Hyperref: PDF Unicode definition (HO)
Now handling font encoding PU ...
... no UTF-8 mapping file for font encoding PU
)
Package hyperref Info: Hyper figures OFF on input line 4137.
Package hyperref Info: Link nesting OFF on input line 4142.
Package hyperref Info: Hyper index ON on input line 4145.
Package hyperref Info: Plain pages OFF on input line 4152.
Package hyperref Info: Backreferencing ON on input line 4155.
Package hyperref Info: Implicit mode ON; LaTeX internals redefined.
Package hyperref Info: Bookmarks ON on input line 4390.

(/usr/local/texlive/2022/texmf-dist/tex/latex/hyperref/backref.sty
Package: backref 2021/02/04 v1.41 Bibliographical back referencing

(/usr/local/texlive/2022/texmf-dist/tex/latex/rerunfilecheck/rerunfilecheck.sty
Package: rerunfilecheck 2019/12/05 v1.9 Rerun checks for auxiliary files (HO)
(/usr/local/texlive/2022/texmf-dist/tex/latex/base/atveryend-ltx.sty
Package: atveryend-ltx 2020/08/19 v1.0a Emulation of the original atveryend pac
kage
with kernel methods
)
(/usr/local/texlive/2022/texmf-dist/tex/generic/uniquecounter/uniquecounter.sty
Package: uniquecounter 2019/12/15 v1.4 Provide unlimited unique counter (HO)
(/usr/local/texlive/2022/texmf-dist/tex/generic/bigintcalc/bigintcalc.sty
Package: bigintcalc 2019/12/15 v1.5 Expandable calculations on big integers (HO
)
))
Package uniquecounter Info: New unique counter `rerunfilecheck' on input line 2
86.
))
\c@Hy@tempcnt=\count327

(/usr/local/texlive/2022/texmf-dist/tex/latex/url/url.sty
\Urlmuskip=\muskip16
Package: url 2013/09/16  ver 3.4  Verb mode for urls, etc.
)
LaTeX Info: Redefining \url on input line 4749.
\XeTeXLinkMargin=\dimen197

(/usr/local/texlive/2022/texmf-dist/tex/generic/bitset/bitset.sty
Package: bitset 2019/12/09 v1.3 Handle bit-vector datatype (HO)
)
\Fld@menulength=\count328
\Field@Width=\dimen198
\Fld@charsize=\dimen199
Package hyperref Info: Hyper figures OFF on input line 6027.
Package hyperref Info: Link nesting OFF on input line 6032.
Package hyperref Info: Hyper index ON on input line 6035.
Package hyperref Info: backreferencing ON on input line 6040.
Package hyperref Info: Link coloring OFF on input line 6047.
Package hyperref Info: Link coloring with OCG OFF on input line 6052.
Package hyperref Info: PDF/A mode OFF on input line 6057.
LaTeX Info: Redefining \ref on input line 6097.
LaTeX Info: Redefining \pageref on input line 6101.

(/usr/local/texlive/2022/texmf-dist/tex/latex/base/atbegshi-ltx.sty
Package: atbegshi-ltx 2021/01/10 v1.0c Emulation of the original atbegshi
package with kernel methods
)
\Hy@abspage=\count329
\c@Item=\count330
\c@Hfootnote=\count331


LaTeX Warning: Command \LT@p@ftntext  has changed.
               Check if current package is valid.

)
Package hyperref Info: Driver: hpdftex.
 (/usr/local/texlive/2022/texmf-dist/tex/latex/hyperref/hpdftex.def
File: hpdftex.def 2022-02-21 v7.00n Hyperref driver for pdfTeX
\Fld@listcount=\count332
\c@bookmark@seq@number=\count333
\Hy@SectionHShift=\skip127
)
Package hyperref Info: Option `colorlinks' set `true' on input line 137.
Package hyperref Info: Option `unicode' set `true' on input line 137.

(/usr/local/texlive/2022/texmf-dist/tex/latex/caption/caption.sty
Package: caption 2022/03/01 v3.6b Customizing captions (AR)

(/usr/local/texlive/2022/texmf-dist/tex/latex/caption/caption3.sty
Package: caption3 2022/03/17 v2.3b caption3 kernel (AR)
\caption@tempdima=\dimen256
\captionmargin=\dimen257
\caption@leftmargin=\dimen258
\caption@rightmargin=\dimen259
\caption@width=\dimen260
\caption@indent=\dimen261
\caption@parindent=\dimen262
\caption@hangindent=\dimen263
Package caption Info: Standard document class detected.
)
\c@caption@flags=\count334
\c@continuedfloat=\count335
Package caption Info: changepage package is loaded.
\caption@adjustwidth@hsize=\dimen264
\caption@adjustwidth@linewidth=\dimen265
Package caption Info: float package is loaded.
Package caption Info: hyperref package is loaded.
Package caption Info: longtable package is loaded.

(/usr/local/texlive/2022/texmf-dist/tex/latex/caption/ltcaption.sty
Package: ltcaption 2021/01/08 v1.4c longtable captions (AR)
))
(/usr/local/texlive/2022/texmf-dist/tex/latex/etoc/etoc.sty
Package: etoc 2021/09/23 v1.09e Completely customisable TOCs (JFB)
\Etoc@toctoks=\toks35
\c@etoc@tocid=\count336
\c@etoc@tocdepth=\count337
\etoc@framed@titlebox=\box119
\etoc@framed@contentsbox=\box120
)
LaTeX Font Info:    Trying to load font information for T1+phv on input line 15
3.

(/usr/local/texlive/2022/texmf-dist/tex/latex/psnfss/t1phv.fd
File: t1phv.fd 2020/03/25 scalable font definitions for T1/phv.
)
LaTeX Font Info:    Font shape `T1/phv/m/n' will be
(Font)              scaled to size 8.99994pt on input line 153.

(/usr/local/texlive/2022/texmf-dist/tex/latex/l3backend/l3backend-pdftex.def
File: l3backend-pdftex.def 2022-02-07 L3 backend support: PDF output (pdfTeX)
\l__color_backend_stack_int=\count338
\l__pdf_internal_box=\box121
)
(./refman.aux)
\openout1 = `refman.aux'.

LaTeX Font Info:    Checking defaults for OML/cmm/m/it on input line 153.
LaTeX Font Info:    ... okay on input line 153.
LaTeX Font Info:    Checking defaults for OMS/cmsy/m/n on input line 153.
LaTeX Font Info:    ... okay on input line 153.
LaTeX Font Info:    Checking defaults for OT1/cmr/m/n on input line 153.
LaTeX Font Info:    ... okay on input line 153.
LaTeX Font Info:    Checking defaults for T1/cmr/m/n on input line 153.
LaTeX Font Info:    ... okay on input line 153.
LaTeX Font Info:    Checking defaults for TS1/cmr/m/n on input line 153.
LaTeX Font Info:    ... okay on input line 153.
LaTeX Font Info:    Checking defaults for OMX/cmex/m/n on input line 153.
LaTeX Font Info:    ... okay on input line 153.
LaTeX Font Info:    Checking defaults for U/cmr/m/n on input line 153.
LaTeX Font Info:    ... okay on input line 153.
LaTeX Font Info:    Checking defaults for PD1/pdf/m/n on input line 153.
LaTeX Font Info:    ... okay on input line 153.
LaTeX Font Info:    Checking defaults for PU/pdf/m/n on input line 153.
LaTeX Font Info:    ... okay on input line 153.

(/usr/local/texlive/2022/texmf-dist/tex/context/base/mkii/supp-pdf.mkii
[Loading MPS to PDF converter (version 2006.09.02).]
\scratchcounter=\count339
\scratchdimen=\dimen266
\scratchbox=\box122
\nofMPsegments=\count340
\nofMParguments=\count341
\everyMPshowfont=\toks36
\MPscratchCnt=\count342
\MPscratchDim=\dimen267
\MPnumerator=\count343
\makeMPintoPDFobject=\count344
\everyMPtoPDFconversion=\toks37
) (/usr/local/texlive/2022/texmf-dist/tex/latex/epstopdf-pkg/epstopdf-base.sty
Package: epstopdf-base 2020-01-24 v2.11 Base part for package epstopdf
Package epstopdf-base Info: Redefining graphics rule for `.eps' on input line 4
85.

(/usr/local/texlive/2022/texmf-dist/tex/latex/latexconfig/epstopdf-sys.cfg
File: epstopdf-sys.cfg 2010/07/13 v1.3 Configuration of (r)epstopdf for TeX Liv
e
))
*geometry* driver: auto-detecting
*geometry* detected driver: pdftex
*geometry* verbose mode - [ preamble ] result:
* driver: pdftex
* paper: a4paper
* layout: <same size as paper>
* layoutoffset:(h,v)=(0.0pt,0.0pt)
* modes: twoside 
* h-part:(L,W,R)=(71.13188pt, 455.24411pt, 71.13188pt)
* v-part:(T,H,B)=(71.13188pt, 702.78308pt, 71.13188pt)
* \paperwidth=597.50787pt
* \paperheight=845.04684pt
* \textwidth=455.24411pt
* \textheight=702.78308pt
* \oddsidemargin=-1.1381pt
* \evensidemargin=-1.1381pt
* \topmargin=-31.2056pt
* \headheight=12.0pt
* \headsep=18.06749pt
* \topskip=10.0pt
* \footskip=25.29494pt
* \marginparwidth=125.0pt
* \marginparsep=7.0pt
* \columnsep=10.0pt
* \skip\footins=9.0pt plus 4.0pt minus 2.0pt
* \hoffset=0.0pt
* \voffset=0.0pt
* \mag=1000
* \@twocolumnfalse
* \@twosidetrue
* \@mparswitchtrue
* \@reversemarginfalse
* (1in=72.27pt=25.4mm, 1cm=28.453pt)

Package backref Info: ** backref set up for natbib ** on input line 153.
Package hyperref Info: Link coloring ON on input line 153.
(/usr/local/texlive/2022/texmf-dist/tex/latex/hyperref/nameref.sty
Package: nameref 2021-04-02 v2.47 Cross-referencing by name of section

(/usr/local/texlive/2022/texmf-dist/tex/latex/refcount/refcount.sty
Package: refcount 2019/12/15 v3.6 Data extraction from label references (HO)
)
(/usr/local/texlive/2022/texmf-dist/tex/generic/gettitlestring/gettitlestring.s
ty
Package: gettitlestring 2019/12/15 v1.6 Cleanup title references (HO)
)
\c@section@level=\count345
)
LaTeX Info: Redefining \ref on input line 153.
LaTeX Info: Redefining \pageref on input line 153.
LaTeX Info: Redefining \nameref on input line 153.
 (./refman.out) (./refman.out)
\@outlinefile=\write5
\openout5 = `refman.out'.

Package caption Info: Begin \AtBeginDocument code.
Package caption Info: End \AtBeginDocument code.
\Etoc@tf=\read4
Package hyperref Info: Option `pageanchor' set `false' on input line 161.
Package hyperref Info: Option `bookmarksnumbered' set `true' on input line 161.

Package hyperref Info: Option `unicode' set `true' on input line 161.
LaTeX Font Info:    Font shape `T1/phv/m/n' will be
(Font)              scaled to size 12.9599pt on input line 166.
LaTeX Font Info:    Font shape `T1/phv/m/n' will be
(Font)              scaled to size 10.79993pt on input line 168.
 [1


{/usr/local/texlive/2022/texmf-var/fonts/map/pdftex/updmap/pdftex.map}] [2

]
\tf@toc=\write6
\openout6 = `refman.toc'.

LaTeX Font Info:    Font shape `T1/phv/b/n' will be
(Font)              scaled to size 8.99994pt on input line 174.
LaTeX Font Info:    Trying to load font information for U+msa on input line 174
.

(/usr/local/texlive/2022/texmf-dist/tex/latex/amsfonts/umsa.fd
File: umsa.fd 2013/01/14 v3.01 AMS symbols A
)
LaTeX Font Info:    Trying to load font information for U+msb on input line 174
.

(/usr/local/texlive/2022/texmf-dist/tex/latex/amsfonts/umsb.fd
File: umsb.fd 2013/01/14 v3.01 AMS symbols B
)
LaTeX Font Info:    Trying to load font information for U+wasy on input line 17
4.

(/usr/local/texlive/2022/texmf-dist/tex/latex/wasysym/uwasy.fd
File: uwasy.fd 2020/01/19 v2.4 Wasy-2 symbol font definitions
)
LaTeX Font Info:    Font shape `T1/phv/m/n' will be
(Font)              scaled to size 6.29996pt on input line 174.
LaTeX Font Info:    Font shape `T1/phv/b/n' will be
(Font)              scaled to size 6.29996pt on input line 174.
 [1] [2]
[3] [4

]
Package hyperref Info: Option `pageanchor' set `true' on input line 177.

Chapter 1.
LaTeX Font Info:    Font shape `T1/phv/m/n' will be
(Font)              scaled to size 18.66588pt on input line 179.
LaTeX Font Info:    Font shape `T1/phv/b/n' will be
(Font)              scaled to size 18.66588pt on input line 179.
LaTeX Font Info:    Font shape `T1/phv/bc/n' will be
(Font)              scaled to size 18.66588pt on input line 179.
LaTeX Font Info:    Font shape `T1/phv/m/n' will be
(Font)              scaled to size 22.39185pt on input line 179.
LaTeX Font Info:    Font shape `T1/phv/b/n' will be
(Font)              scaled to size 22.39185pt on input line 179.
LaTeX Font Info:    Font shape `T1/phv/bc/n' will be
(Font)              scaled to size 22.39185pt on input line 179.
(./annotated.tex
LaTeX Font Info:    Font shape `T1/phv/b/n' will be
(Font)              scaled to size 12.9599pt on input line 1.
) [1

] [2

]
Chapter 2.
(./files.tex
LaTeX Font Info:    Trying to load font information for TS1+phv on input line 5
.
 (/usr/local/texlive/2022/texmf-dist/tex/latex/psnfss/ts1phv.fd
File: ts1phv.fd 2020/03/25 scalable font definitions for TS1/phv.
)
LaTeX Font Info:    Font shape `TS1/phv/m/n' will be
(Font)              scaled to size 8.99994pt on input line 5.
)
[3] [4

]
Chapter 3.
(./class_delim_text_buffer.tex
LaTeX Font Info:    Trying to load font information for T1+pcr on input line 5.


(/usr/local/texlive/2022/texmf-dist/tex/latex/psnfss/t1pcr.fd
File: t1pcr.fd 2001/06/04 font definitions for T1/pcr.
) <./class_delim_text_buffer__coll__graph.pdf

pdfTeX warning: pdflatex (file ./class_delim_text_buffer__coll__graph.pdf): PDF
 inclusion: multiple pdfs with page group included in a single page
>
<class_delim_text_buffer__coll__graph.pdf, id=639, 182.6825pt x 337.26pt>
File: class_delim_text_buffer__coll__graph.pdf Graphic file (type pdf)
<use class_delim_text_buffer__coll__graph.pdf>
Package pdftex.def Info: class_delim_text_buffer__coll__graph.pdf  used on inpu
t line 14.
(pdftex.def)             Requested size: 182.0pt x 336.0138pt.
LaTeX Font Info:    Font shape `T1/phv/b/n' will be
(Font)              scaled to size 10.79993pt on input line 17.
 [5]
LaTeX Font Info:    Font shape `T1/phv/m/n' will be
(Font)              scaled to size 7.19995pt on input line 70.
LaTeX Font Info:    Font shape `T1/pcr/m/it' in size <8> not available
(Font)              Font shape `T1/pcr/m/sl' tried instead on input line 70.
LaTeX Font Info:    Trying to load font information for TS1+pcr on input line 7
0.
 (/usr/local/texlive/2022/texmf-dist/tex/latex/psnfss/ts1pcr.fd
File: ts1pcr.fd 2001/06/04 font definitions for TS1/pcr.
)
LaTeX Font Info:    Font shape `TS1/pcr/m/it' in size <8> not available
(Font)              Font shape `TS1/pcr/m/sl' tried instead on input line 70.
LaTeX Font Info:    Font shape `T1/pcr/m/it' in size <7> not available
(Font)              Font shape `T1/pcr/m/sl' tried instead on input line 70.

Underfull \hbox (badness 10000) detected at line 79
[][][]
 []


Underfull \hbox (badness 10000) detected at line 82
[][][]
 []

[6]
Underfull \hbox (badness 10000) detected at line 94
[][][]
 []


Underfull \hbox (badness 10000) detected at line 97
[][][]
 []

 <./class_delim_text_buffer_a1b2302d7f44cbc747062253ef6110261_icgraph.pdf

pdfTeX warning: pdflatex (file ./class_delim_text_buffer_a1b2302d7f44cbc7470622
53ef6110261_icgraph.pdf): PDF inclusion: multiple pdfs with page group included
 in a single page
>
<class_delim_text_buffer_a1b2302d7f44cbc747062253ef6110261_icgraph.pdf, id=717,
 652.4375pt x 251.94125pt>
File: class_delim_text_buffer_a1b2302d7f44cbc747062253ef6110261_icgraph.pdf Gra
phic file (type pdf)
<use class_delim_text_buffer_a1b2302d7f44cbc747062253ef6110261_icgraph.pdf>
Package pdftex.def Info: class_delim_text_buffer_a1b2302d7f44cbc747062253ef6110
261_icgraph.pdf  used on input line 105.
(pdftex.def)             Requested size: 350.0pt x 135.1582pt.
 [7]
Underfull \hbox (badness 10000) detected at line 121
[][][]
 []


Underfull \hbox (badness 10000) detected at line 124
[][][]
 []


Underfull \hbox (badness 10000) detected at line 140
[][][]
 []


Underfull \hbox (badness 10000) detected at line 143
[][][]
 []

 <./class_delim_text_buffer_acfe068f80e6cf773abb66ef58f603caf_icgraph.pdf>
<class_delim_text_buffer_acfe068f80e6cf773abb66ef58f603caf_icgraph.pdf, id=735,
 542.025pt x 173.64874pt>
File: class_delim_text_buffer_acfe068f80e6cf773abb66ef58f603caf_icgraph.pdf Gra
phic file (type pdf)
<use class_delim_text_buffer_acfe068f80e6cf773abb66ef58f603caf_icgraph.pdf>
Package pdftex.def Info: class_delim_text_buffer_acfe068f80e6cf773abb66ef58f603
caf_icgraph.pdf  used on input line 151.
(pdftex.def)             Requested size: 350.0pt x 112.13373pt.

[8]
Underfull \hbox (badness 10000) detected at line 167
[][][]
 []

 <./class_delim_text_buffer_a5f4694cba177f8bc9757df1641a26cf7_icgraph.pdf>
<class_delim_text_buffer_a5f4694cba177f8bc9757df1641a26cf7_icgraph.pdf, id=751,
 604.2575pt x 136.51pt>
File: class_delim_text_buffer_a5f4694cba177f8bc9757df1641a26cf7_icgraph.pdf Gra
phic file (type pdf)
<use class_delim_text_buffer_a5f4694cba177f8bc9757df1641a26cf7_icgraph.pdf>
Package pdftex.def Info: class_delim_text_buffer_a5f4694cba177f8bc9757df1641a26
cf7_icgraph.pdf  used on input line 175.
(pdftex.def)             Requested size: 350.0pt x 79.06961pt.

Underfull \hbox (badness 10000) detected at line 189
[][][]
 []


Underfull \hbox (badness 10000) detected at line 192
[][][]
 []

[9]
Underfull \hbox (badness 10000) detected at line 206
[][][]
 []


Underfull \hbox (badness 10000) detected at line 209
[][][]
 []

 <./class_delim_text_buffer_a1f711c247290a4b61ea9ffad48817a22_icgraph.pdf>
<class_delim_text_buffer_a1f711c247290a4b61ea9ffad48817a22_icgraph.pdf, id=769,
 464.73625pt x 173.64874pt>
File: class_delim_text_buffer_a1f711c247290a4b61ea9ffad48817a22_icgraph.pdf Gra
phic file (type pdf)
<use class_delim_text_buffer_a1f711c247290a4b61ea9ffad48817a22_icgraph.pdf>
Package pdftex.def Info: class_delim_text_buffer_a1f711c247290a4b61ea9ffad48817
a22_icgraph.pdf  used on input line 217.
(pdftex.def)             Requested size: 350.0pt x 130.78206pt.

Underfull \hbox (badness 10000) detected at line 231
[][][]
 []

 <./class_delim_text_buffer_acff0ffd523fc2bca38a6c275dd13bad4_cgraph.pdf

pdfTeX warning: pdflatex (file ./class_delim_text_buffer_acff0ffd523fc2bca38a6c
275dd13bad4_cgraph.pdf): PDF inclusion: multiple pdfs with page group included 
in a single page
>
<class_delim_text_buffer_acff0ffd523fc2bca38a6c275dd13bad4_cgraph.pdf, id=777, 
381.425pt x 99.37125pt>
File: class_delim_text_buffer_acff0ffd523fc2bca38a6c275dd13bad4_cgraph.pdf Grap
hic file (type pdf)
<use class_delim_text_buffer_acff0ffd523fc2bca38a6c275dd13bad4_cgraph.pdf>
Package pdftex.def Info: class_delim_text_buffer_acff0ffd523fc2bca38a6c275dd13b
ad4_cgraph.pdf  used on input line 239.
(pdftex.def)             Requested size: 350.0pt x 91.18762pt.
 [10] <./class_delim_text_buffer_acff0ffd523fc2bca38a6c275dd13bad4_icgraph.pdf>
<class_delim_text_buffer_acff0ffd523fc2bca38a6c275dd13bad4_icgraph.pdf, id=794,
 496.85625pt x 99.37125pt>
File: class_delim_text_buffer_acff0ffd523fc2bca38a6c275dd13bad4_icgraph.pdf Gra
phic file (type pdf)
<use class_delim_text_buffer_acff0ffd523fc2bca38a6c275dd13bad4_icgraph.pdf>
Package pdftex.def Info: class_delim_text_buffer_acff0ffd523fc2bca38a6c275dd13b
ad4_icgraph.pdf  used on input line 247.
(pdftex.def)             Requested size: 350.0pt x 70.00063pt.

Underfull \hbox (badness 10000) detected at line 261
[][][]
 []


Underfull \hbox (badness 10000) detected at line 264
[][][]
 []

[11]
Underfull \hbox (badness 10000) detected at line 278
[][][]
 []

 <./class_delim_text_buffer_a338e8e6476387168f2ddf0c8c441a10d_icgraph.pdf>
<class_delim_text_buffer_a338e8e6476387168f2ddf0c8c441a10d_icgraph.pdf, id=811,
 506.89375pt x 99.37125pt>
File: class_delim_text_buffer_a338e8e6476387168f2ddf0c8c441a10d_icgraph.pdf Gra
phic file (type pdf)
<use class_delim_text_buffer_a338e8e6476387168f2ddf0c8c441a10d_icgraph.pdf>
Package pdftex.def Info: class_delim_text_buffer_a338e8e6476387168f2ddf0c8c441a
10d_icgraph.pdf  used on input line 286.
(pdftex.def)             Requested size: 350.0pt x 68.61475pt.

Underfull \hbox (badness 10000) detected at line 300
[][][]
 []


Underfull \hbox (badness 10000) detected at line 303
[][][]
 []

 <./class_delim_text_buffer_a21d0b159e2e8d6acb5ccbf3e66bc60b4_icgraph.pdf

pdfTeX warning: pdflatex (file ./class_delim_text_buffer_a21d0b159e2e8d6acb5ccb
f3e66bc60b4_icgraph.pdf): PDF inclusion: multiple pdfs with page group included
 in a single page
>
<class_delim_text_buffer_a21d0b159e2e8d6acb5ccbf3e66bc60b4_icgraph.pdf, id=820,
 573.14125pt x 193.72375pt>
File: class_delim_text_buffer_a21d0b159e2e8d6acb5ccbf3e66bc60b4_icgraph.pdf Gra
phic file (type pdf)
<use class_delim_text_buffer_a21d0b159e2e8d6acb5ccbf3e66bc60b4_icgraph.pdf>
Package pdftex.def Info: class_delim_text_buffer_a21d0b159e2e8d6acb5ccbf3e66bc6
0b4_icgraph.pdf  used on input line 311.
(pdftex.def)             Requested size: 350.0pt x 118.30136pt.
 [12]
Underfull \hbox (badness 10000) detected at line 325
[][][]
 []


Underfull \hbox (badness 10000) detected at line 328
[][][]
 []

[13]) (./struct_p_k_i_struct.tex <./struct_p_k_i_struct__coll__graph.pdf

pdfTeX warning: pdflatex (file ./struct_p_k_i_struct__coll__graph.pdf): PDF inc
lusion: multiple pdfs with page group included in a single page
>
<struct_p_k_i_struct__coll__graph.pdf, id=845, 151.56625pt x 149.55875pt>
File: struct_p_k_i_struct__coll__graph.pdf Graphic file (type pdf)
<use struct_p_k_i_struct__coll__graph.pdf>
Package pdftex.def Info: struct_p_k_i_struct__coll__graph.pdf  used on input li
ne 10.
(pdftex.def)             Requested size: 151.0pt x 149.00154pt.
 [14]) (./class_state.tex <./class_state__coll__graph.pdf>
<class_state__coll__graph.pdf, id=871, 178.6675pt x 226.8475pt>
File: class_state__coll__graph.pdf Graphic file (type pdf)
<use class_state__coll__graph.pdf>
Package pdftex.def Info: class_state__coll__graph.pdf  used on input line 14.
(pdftex.def)             Requested size: 178.0pt x 226.01273pt.
 [15] [16])
(./class_zipcode.tex <./class_zipcode__coll__graph.pdf

pdfTeX warning: pdflatex (file ./class_zipcode__coll__graph.pdf): PDF inclusion
: multiple pdfs with page group included in a single page
>
<class_zipcode__coll__graph.pdf, id=925, 154.5775pt x 259.97125pt>
File: class_zipcode__coll__graph.pdf Graphic file (type pdf)
<use class_zipcode__coll__graph.pdf>
Package pdftex.def Info: class_zipcode__coll__graph.pdf  used on input line 14.

(pdftex.def)             Requested size: 154.0pt x 259.02254pt.
 [17]
LaTeX Font Info:    Font shape `T1/phv/m/n' will be
(Font)              scaled to size 8.09995pt on input line 27.
LaTeX Font Info:    Font shape `T1/phv/m/it' in size <9> not available
(Font)              Font shape `T1/phv/m/sl' tried instead on input line 27.
LaTeX Font Info:    Font shape `T1/phv/m/sl' will be
(Font)              scaled to size 8.09995pt on input line 27.
 [18]
Underfull \hbox (badness 10000) detected at line 61
[][][]
 []

 <./class_zipcode_a4be7d8243ded9b87f32d711c62125e5d_cgraph.pdf>
<class_zipcode_a4be7d8243ded9b87f32d711c62125e5d_cgraph.pdf, id=987, 289.08pt x
 99.37125pt>
File: class_zipcode_a4be7d8243ded9b87f32d711c62125e5d_cgraph.pdf Graphic file (
type pdf)
<use class_zipcode_a4be7d8243ded9b87f32d711c62125e5d_cgraph.pdf>
Package pdftex.def Info: class_zipcode_a4be7d8243ded9b87f32d711c62125e5d_cgraph
.pdf  used on input line 69.
(pdftex.def)             Requested size: 288.0pt x 99.00557pt.

Underfull \hbox (badness 10000) detected at line 81
[][][]
 []

 <./class_zipcode_a2168d28e20cc0bf867cd993400db4b5b_icgraph.pdf

pdfTeX warning: pdflatex (file ./class_zipcode_a2168d28e20cc0bf867cd993400db4b5
b_icgraph.pdf): PDF inclusion: multiple pdfs with page group included in a sing
le page
>
<class_zipcode_a2168d28e20cc0bf867cd993400db4b5b_icgraph.pdf, id=995, 289.08pt 
x 154.5775pt>
File: class_zipcode_a2168d28e20cc0bf867cd993400db4b5b_icgraph.pdf Graphic file 
(type pdf)
<use class_zipcode_a2168d28e20cc0bf867cd993400db4b5b_icgraph.pdf>
Package pdftex.def Info: class_zipcode_a2168d28e20cc0bf867cd993400db4b5b_icgrap
h.pdf  used on input line 89.
(pdftex.def)             Requested size: 288.0pt x 154.00865pt.
 [19]
Underfull \hbox (badness 10000) detected at line 103
[][][]
 []


Underfull \hbox (badness 10000) detected at line 106
[][][]
 []

 <./class_zipcode_a203d20401b190353ee55f0f7f82b7745_icgraph.pdf>
<class_zipcode_a203d20401b190353ee55f0f7f82b7745_icgraph.pdf, id=1019, 445.665p
t x 151.56625pt>
File: class_zipcode_a203d20401b190353ee55f0f7f82b7745_icgraph.pdf Graphic file 
(type pdf)
<use class_zipcode_a203d20401b190353ee55f0f7f82b7745_icgraph.pdf>
Package pdftex.def Info: class_zipcode_a203d20401b190353ee55f0f7f82b7745_icgrap
h.pdf  used on input line 114.
(pdftex.def)             Requested size: 350.0pt x 119.03294pt.

Underfull \hbox (badness 10000) detected at line 132
[][][]
 []

[20]
Underfull \hbox (badness 10000) detected at line 135
[][][]
 []

 <./class_zipcode_a00ba69542d40e10216deb27c570a620d_cgraph.pdf>
<class_zipcode_a00ba69542d40e10216deb27c570a620d_cgraph.pdf, id=1044, 277.035pt
 x 117.43875pt>
File: class_zipcode_a00ba69542d40e10216deb27c570a620d_cgraph.pdf Graphic file (
type pdf)
<use class_zipcode_a00ba69542d40e10216deb27c570a620d_cgraph.pdf>
Package pdftex.def Info: class_zipcode_a00ba69542d40e10216deb27c570a620d_cgraph
.pdf  used on input line 143.
(pdftex.def)             Requested size: 276.0pt x 117.0012pt.
 <./class_zipcode_a00ba69542d40e10216deb27c570a620d_icgraph.pdf

pdfTeX warning: pdflatex (file ./class_zipcode_a00ba69542d40e10216deb27c570a620
d_icgraph.pdf): PDF inclusion: multiple pdfs with page group included in a sing
le page
>
<class_zipcode_a00ba69542d40e10216deb27c570a620d_icgraph.pdf, id=1052, 160.6pt 
x 117.43875pt>
File: class_zipcode_a00ba69542d40e10216deb27c570a620d_icgraph.pdf Graphic file 
(type pdf)
<use class_zipcode_a00ba69542d40e10216deb27c570a620d_icgraph.pdf>
Package pdftex.def Info: class_zipcode_a00ba69542d40e10216deb27c570a620d_icgrap
h.pdf  used on input line 151.
(pdftex.def)             Requested size: 160.0pt x 117.00299pt.

Underfull \hbox (badness 10000) detected at line 165
[][][]
 []

 <./class_zipcode_a1a1b9a460181252dc4a6899c3dc8c02a_icgraph.pdf

pdfTeX warning: pdflatex (file ./class_zipcode_a1a1b9a460181252dc4a6899c3dc8c02
a_icgraph.pdf): PDF inclusion: multiple pdfs with page group included in a sing
le page
>
<class_zipcode_a1a1b9a460181252dc4a6899c3dc8c02a_icgraph.pdf, id=1062, 355.3275
pt x 99.37125pt>
File: class_zipcode_a1a1b9a460181252dc4a6899c3dc8c02a_icgraph.pdf Graphic file 
(type pdf)
<use class_zipcode_a1a1b9a460181252dc4a6899c3dc8c02a_icgraph.pdf>
Package pdftex.def Info: class_zipcode_a1a1b9a460181252dc4a6899c3dc8c02a_icgrap
h.pdf  used on input line 173.
(pdftex.def)             Requested size: 350.0pt x 97.88504pt.
 [21]
Underfull \hbox (badness 10000) detected at line 182
[][][]
 []


Underfull \hbox (badness 10000) detected at line 185
[][][]
 []


Underfull \hbox (badness 10000) detected at line 188
[][][]
 []

 <./class_zipcode_a9e543e27a4ab8c4f2083cc05bfad67da_icgraph.pdf>
<class_zipcode_a9e543e27a4ab8c4f2083cc05bfad67da_icgraph.pdf, id=1078, 428.6012
6pt x 136.51pt>
File: class_zipcode_a9e543e27a4ab8c4f2083cc05bfad67da_icgraph.pdf Graphic file 
(type pdf)
<use class_zipcode_a9e543e27a4ab8c4f2083cc05bfad67da_icgraph.pdf>
Package pdftex.def Info: class_zipcode_a9e543e27a4ab8c4f2083cc05bfad67da_icgrap
h.pdf  used on input line 196.
(pdftex.def)             Requested size: 350.0pt x 111.47649pt.
 [22]
Underfull \hbox (badness 10000) detected at line 210
[][][]
 []

 <./class_zipcode_ac76f036b1525eaf2e8233845f802f874_cgraph.pdf>
<class_zipcode_ac76f036b1525eaf2e8233845f802f874_cgraph.pdf, id=1101, 171.64125
pt x 117.43875pt>
File: class_zipcode_ac76f036b1525eaf2e8233845f802f874_cgraph.pdf Graphic file (
type pdf)
<use class_zipcode_ac76f036b1525eaf2e8233845f802f874_cgraph.pdf>
Package pdftex.def Info: class_zipcode_ac76f036b1525eaf2e8233845f802f874_cgraph
.pdf  used on input line 218.
(pdftex.def)             Requested size: 171.0pt x 116.9994pt.
 <./class_zipcode_ac76f036b1525eaf2e8233845f802f874_icgraph.pdf

pdfTeX warning: pdflatex (file ./class_zipcode_ac76f036b1525eaf2e8233845f802f87
4_icgraph.pdf): PDF inclusion: multiple pdfs with page group included in a sing
le page
>
<class_zipcode_ac76f036b1525eaf2e8233845f802f874_icgraph.pdf, id=1109, 439.6425
pt x 173.64874pt>
File: class_zipcode_ac76f036b1525eaf2e8233845f802f874_icgraph.pdf Graphic file 
(type pdf)
<use class_zipcode_ac76f036b1525eaf2e8233845f802f874_icgraph.pdf>
Package pdftex.def Info: class_zipcode_ac76f036b1525eaf2e8233845f802f874_icgrap
h.pdf  used on input line 226.
(pdftex.def)             Requested size: 350.0pt x 138.24615pt.
 [23]) [24]
Chapter 4.
(./deltext_8cpp.tex <./deltext_8cpp__incl.pdf

pdfTeX warning: pdflatex (file ./deltext_8cpp__incl.pdf): PDF inclusion: multip
le pdfs with page group included in a single page
>
<deltext_8cpp__incl.pdf, id=1132, 257.96375pt x 209.78375pt>
File: deltext_8cpp__incl.pdf Graphic file (type pdf)
<use deltext_8cpp__incl.pdf>
Package pdftex.def Info: deltext_8cpp__incl.pdf  used on input line 11.
(pdftex.def)             Requested size: 257.0pt x 209.01816pt.
 <./deltext_8cpp__dep__incl.pdf

pdfTeX warning: pdflatex (file ./deltext_8cpp__dep__incl.pdf): PDF inclusion: m
ultiple pdfs with page group included in a single page
>
<deltext_8cpp__dep__incl.pdf, id=1140, 371.3875pt x 264.99pt>
File: deltext_8cpp__dep__incl.pdf Graphic file (type pdf)
<use deltext_8cpp__dep__incl.pdf>
Package pdftex.def Info: deltext_8cpp__dep__incl.pdf  used on input line 19.
(pdftex.def)             Requested size: 350.0pt x 249.73354pt.
) (./deltext_8h.tex [25

] <./deltext_8h__incl.pdf>
<deltext_8h__incl.pdf, id=1155, 235.88126pt x 209.78375pt>
File: deltext_8h__incl.pdf Graphic file (type pdf)
<use deltext_8h__incl.pdf>
Package pdftex.def Info: deltext_8h__incl.pdf  used on input line 11.
(pdftex.def)             Requested size: 235.0pt x 209.00215pt.
 <./deltext_8h__dep__incl.pdf

pdfTeX warning: pdflatex (file ./deltext_8h__dep__incl.pdf): PDF inclusion: mul
tiple pdfs with page group included in a single page
>
<deltext_8h__dep__incl.pdf, id=1163, 379.4175pt x 209.78375pt>
File: deltext_8h__dep__incl.pdf Graphic file (type pdf)
<use deltext_8h__dep__incl.pdf>
Package pdftex.def Info: deltext_8h__dep__incl.pdf  used on input line 19.
(pdftex.def)             Requested size: 350.0pt x 193.52194pt.
 [26]) (./deltext_8h_source.tex [27]) (./_proj3__group5_8cpp.tex <./_proj3__gro
up5_8cpp__incl.pdf>
<_proj3__group5_8cpp__incl.pdf, id=1216, 580.1675pt x 320.19624pt>
File: _proj3__group5_8cpp__incl.pdf Graphic file (type pdf)
<use _proj3__group5_8cpp__incl.pdf>
Package pdftex.def Info: _proj3__group5_8cpp__incl.pdf  used on input line 21.
(pdftex.def)             Requested size: 350.0pt x 193.16478pt.
 [28]
Underfull \hbox (badness 10000) detected at line 44
[][][]
 []


Underfull \hbox (badness 10000) detected at line 62
[][][]
 []

[29]
Underfull \hbox (badness 10000) detected at line 65
[][][]
 []

 <./_proj3__group5_8cpp_aa5c5c101a593f02cd82a369d657fa7e2_cgraph.pdf>
<_proj3__group5_8cpp_aa5c5c101a593f02cd82a369d657fa7e2_cgraph.pdf, id=1257, 448
.67625pt x 303.1325pt>
File: _proj3__group5_8cpp_aa5c5c101a593f02cd82a369d657fa7e2_cgraph.pdf Graphic 
file (type pdf)
<use _proj3__group5_8cpp_aa5c5c101a593f02cd82a369d657fa7e2_cgraph.pdf>
Package pdftex.def Info: _proj3__group5_8cpp_aa5c5c101a593f02cd82a369d657fa7e2_
cgraph.pdf  used on input line 73.
(pdftex.def)             Requested size: 350.0pt x 236.47478pt.
 <./_proj3__group5_8cpp_aa5c5c101a593f02cd82a369d657fa7e2_icgraph.pdf

pdfTeX warning: pdflatex (file ./_proj3__group5_8cpp_aa5c5c101a593f02cd82a369d6
57fa7e2_icgraph.pdf): PDF inclusion: multiple pdfs with page group included in 
a single page
>
<_proj3__group5_8cpp_aa5c5c101a593f02cd82a369d657fa7e2_icgraph.pdf, id=1265, 21
7.81375pt x 99.37125pt>
File: _proj3__group5_8cpp_aa5c5c101a593f02cd82a369d657fa7e2_icgraph.pdf Graphic
 file (type pdf)
<use _proj3__group5_8cpp_aa5c5c101a593f02cd82a369d657fa7e2_icgraph.pdf>
Package pdftex.def Info: _proj3__group5_8cpp_aa5c5c101a593f02cd82a369d657fa7e2_
icgraph.pdf  used on input line 81.
(pdftex.def)             Requested size: 217.0pt x 98.99951pt.
 <./_proj3__group5_8cpp_ae58feb0c4ac48a38b287226e8c501c5c_icgraph.pdf

pdfTeX warning: pdflatex (file ./_proj3__group5_8cpp_ae58feb0c4ac48a38b287226e8
c501c5c_icgraph.pdf): PDF inclusion: multiple pdfs with page group included in 
a single page
>
<_proj3__group5_8cpp_ae58feb0c4ac48a38b287226e8c501c5c_icgraph.pdf, id=1275, 33
7.26pt x 99.37125pt>
File: _proj3__group5_8cpp_ae58feb0c4ac48a38b287226e8c501c5c_icgraph.pdf Graphic
 file (type pdf)
<use _proj3__group5_8cpp_ae58feb0c4ac48a38b287226e8c501c5c_icgraph.pdf>
Package pdftex.def Info: _proj3__group5_8cpp_ae58feb0c4ac48a38b287226e8c501c5c_
icgraph.pdf  used on input line 95.
(pdftex.def)             Requested size: 336.0pt x 99.00253pt.
 [30] <./_proj3__group5_8cpp_a855c09617b2d4229b886faacf6576cf8_icgraph.pdf>
<_proj3__group5_8cpp_a855c09617b2d4229b886faacf6576cf8_icgraph.pdf, id=1292, 35
8.33875pt x 99.37125pt>
File: _proj3__group5_8cpp_a855c09617b2d4229b886faacf6576cf8_icgraph.pdf Graphic
 file (type pdf)
<use _proj3__group5_8cpp_a855c09617b2d4229b886faacf6576cf8_icgraph.pdf>
Package pdftex.def Info: _proj3__group5_8cpp_a855c09617b2d4229b886faacf6576cf8_
icgraph.pdf  used on input line 109.
(pdftex.def)             Requested size: 350.0pt x 97.06473pt.
 <./_proj3__group5_8cpp_a51af30a60f9f02777c6396b8247e356f_cgraph.pdf

pdfTeX warning: pdflatex (file ./_proj3__group5_8cpp_a51af30a60f9f02777c6396b82
47e356f_cgraph.pdf): PDF inclusion: multiple pdfs with page group included in a
 single page
>
<_proj3__group5_8cpp_a51af30a60f9f02777c6396b8247e356f_cgraph.pdf, id=1301, 522
.95375pt x 303.1325pt>
File: _proj3__group5_8cpp_a51af30a60f9f02777c6396b8247e356f_cgraph.pdf Graphic 
file (type pdf)
<use _proj3__group5_8cpp_a51af30a60f9f02777c6396b8247e356f_cgraph.pdf>
Package pdftex.def Info: _proj3__group5_8cpp_a51af30a60f9f02777c6396b8247e356f_
cgraph.pdf  used on input line 123.
(pdftex.def)             Requested size: 350.0pt x 202.88033pt.
 [31] <./_proj3__group5_8cpp_a52ca3b137936d0c4c2a2f6843ef8364b_cgraph.pdf>
<_proj3__group5_8cpp_a52ca3b137936d0c4c2a2f6843ef8364b_cgraph.pdf, id=1319, 300
.12125pt x 173.64874pt>
File: _proj3__group5_8cpp_a52ca3b137936d0c4c2a2f6843ef8364b_cgraph.pdf Graphic 
file (type pdf)
<use _proj3__group5_8cpp_a52ca3b137936d0c4c2a2f6843ef8364b_cgraph.pdf>
Package pdftex.def Info: _proj3__group5_8cpp_a52ca3b137936d0c4c2a2f6843ef8364b_
cgraph.pdf  used on input line 137.
(pdftex.def)             Requested size: 299.0pt x 173.01505pt.
 <./_proj3__group5_8cpp_a52ca3b137936d0c4c2a2f6843ef8364b_icgraph.pdf

pdfTeX warning: pdflatex (file ./_proj3__group5_8cpp_a52ca3b137936d0c4c2a2f6843
ef8364b_icgraph.pdf): PDF inclusion: multiple pdfs with page group included in 
a single page
>
<_proj3__group5_8cpp_a52ca3b137936d0c4c2a2f6843ef8364b_icgraph.pdf, id=1327, 32
1.2pt x 99.37125pt>
File: _proj3__group5_8cpp_a52ca3b137936d0c4c2a2f6843ef8364b_icgraph.pdf Graphic
 file (type pdf)
<use _proj3__group5_8cpp_a52ca3b137936d0c4c2a2f6843ef8364b_icgraph.pdf>
Package pdftex.def Info: _proj3__group5_8cpp_a52ca3b137936d0c4c2a2f6843ef8364b_
icgraph.pdf  used on input line 145.
(pdftex.def)             Requested size: 320.0pt x 99.00253pt.
 [32] <./_proj3__group5_8cpp_a7dfc14b1019d1c7e3652f86f079bac55_icgraph.pdf>
<_proj3__group5_8cpp_a7dfc14b1019d1c7e3652f86f079bac55_icgraph.pdf, id=1345, 32
6.21875pt x 99.37125pt>
File: _proj3__group5_8cpp_a7dfc14b1019d1c7e3652f86f079bac55_icgraph.pdf Graphic
 file (type pdf)
<use _proj3__group5_8cpp_a7dfc14b1019d1c7e3652f86f079bac55_icgraph.pdf>
Package pdftex.def Info: _proj3__group5_8cpp_a7dfc14b1019d1c7e3652f86f079bac55_
icgraph.pdf  used on input line 159.
(pdftex.def)             Requested size: 325.0pt x 99.0086pt.
)
(./_proj4__group5_8cpp.tex <./_proj4__group5_8cpp__incl.pdf

pdfTeX warning: pdflatex (file ./_proj4__group5_8cpp__incl.pdf): PDF inclusion:
 multiple pdfs with page group included in a single page
>
<_proj4__group5_8cpp__incl.pdf, id=1354, 764.8575pt x 320.19624pt>
File: _proj4__group5_8cpp__incl.pdf Graphic file (type pdf)
<use _proj4__group5_8cpp__incl.pdf>
Package pdftex.def Info: _proj4__group5_8cpp__incl.pdf  used on input line 23.
(pdftex.def)             Requested size: 350.0pt x 146.5201pt.
 [33]
Underfull \hbox (badness 1859) in paragraph at lines 50--52
[]\T1/phv/m/n/10 void [] (std[]::string output[]File[]Name, std[]::string PKIou
tput[]File[]Name, [] Out[]Buff,
 []


Underfull \hbox (badness 10000) detected at line 80
[][][]
 []

[34]
Underfull \hbox (badness 10000) detected at line 83
[][][]
 []


Underfull \hbox (badness 10000) detected at line 86
[][][]
 []

 <./_proj4__group5_8cpp_a85986312c73009cddbed09c9451eb258_cgraph.pdf>
<_proj4__group5_8cpp_a85986312c73009cddbed09c9451eb258_cgraph.pdf, id=1438, 693
.59125pt x 644.4075pt>
File: _proj4__group5_8cpp_a85986312c73009cddbed09c9451eb258_cgraph.pdf Graphic 
file (type pdf)
<use _proj4__group5_8cpp_a85986312c73009cddbed09c9451eb258_cgraph.pdf>
Package pdftex.def Info: _proj4__group5_8cpp_a85986312c73009cddbed09c9451eb258_
cgraph.pdf  used on input line 109.
(pdftex.def)             Requested size: 350.0pt x 325.19214pt.
 [35]
Underfull \hbox (badness 10000) detected at line 135
[][][]
 []


Underfull \hbox (badness 10000) detected at line 138
[][][]
 []

 <./_proj4__group5_8cpp_ae652ae2e5bc3112753f633f2aac0a891_cgraph.pdf>
<_proj4__group5_8cpp_ae652ae2e5bc3112753f633f2aac0a891_cgraph.pdf, id=1456, 291
.0875pt x 99.37125pt>
File: _proj4__group5_8cpp_ae652ae2e5bc3112753f633f2aac0a891_cgraph.pdf Graphic 
file (type pdf)
<use _proj4__group5_8cpp_ae652ae2e5bc3112753f633f2aac0a891_cgraph.pdf>
Package pdftex.def Info: _proj4__group5_8cpp_ae652ae2e5bc3112753f633f2aac0a891_
cgraph.pdf  used on input line 146.
(pdftex.def)             Requested size: 290.0pt x 99.00708pt.
 <./_proj4__group5_8cpp_ae652ae2e5bc3112753f633f2aac0a891_icgraph.pdf

pdfTeX warning: pdflatex (file ./_proj4__group5_8cpp_ae652ae2e5bc3112753f633f2a
ac0a891_icgraph.pdf): PDF inclusion: multiple pdfs with page group included in 
a single page
>
<_proj4__group5_8cpp_ae652ae2e5bc3112753f633f2aac0a891_icgraph.pdf, id=1464, 46
3.7325pt x 118.4425pt>
File: _proj4__group5_8cpp_ae652ae2e5bc3112753f633f2aac0a891_icgraph.pdf Graphic
 file (type pdf)
<use _proj4__group5_8cpp_ae652ae2e5bc3112753f633f2aac0a891_icgraph.pdf>
Package pdftex.def Info: _proj4__group5_8cpp_ae652ae2e5bc3112753f633f2aac0a891_
icgraph.pdf  used on input line 154.
(pdftex.def)             Requested size: 350.0pt x 89.39551pt.
 [36] <./_proj4__group5_8cpp_a2b85a220613748f5de9113b562731795_icgraph.pdf>
<_proj4__group5_8cpp_a2b85a220613748f5de9113b562731795_icgraph.pdf, id=1480, 42
2.57875pt x 136.51pt>
File: _proj4__group5_8cpp_a2b85a220613748f5de9113b562731795_icgraph.pdf Graphic
 file (type pdf)
<use _proj4__group5_8cpp_a2b85a220613748f5de9113b562731795_icgraph.pdf>
Package pdftex.def Info: _proj4__group5_8cpp_a2b85a220613748f5de9113b562731795_
icgraph.pdf  used on input line 179.
(pdftex.def)             Requested size: 350.0pt x 113.06789pt.

[37] <./_proj4__group5_8cpp_a3c04138a5bfe5d72780bb7e82a18e627_cgraph.pdf>
<_proj4__group5_8cpp_a3c04138a5bfe5d72780bb7e82a18e627_cgraph.pdf, id=1497, 522
.95375pt x 303.1325pt>
File: _proj4__group5_8cpp_a3c04138a5bfe5d72780bb7e82a18e627_cgraph.pdf Graphic 
file (type pdf)
<use _proj4__group5_8cpp_a3c04138a5bfe5d72780bb7e82a18e627_cgraph.pdf>
Package pdftex.def Info: _proj4__group5_8cpp_a3c04138a5bfe5d72780bb7e82a18e627_
cgraph.pdf  used on input line 199.
(pdftex.def)             Requested size: 350.0pt x 202.88033pt.
 <./_proj4__group5_8cpp_acb04e0eba013626be06bd0006a752538_icgraph.pdf

pdfTeX warning: pdflatex (file ./_proj4__group5_8cpp_acb04e0eba013626be06bd0006
a752538_icgraph.pdf): PDF inclusion: multiple pdfs with page group included in 
a single page
>
<_proj4__group5_8cpp_acb04e0eba013626be06bd0006a752538_icgraph.pdf, id=1505, 56
2.1pt x 118.4425pt>
File: _proj4__group5_8cpp_acb04e0eba013626be06bd0006a752538_icgraph.pdf Graphic
 file (type pdf)
<use _proj4__group5_8cpp_acb04e0eba013626be06bd0006a752538_icgraph.pdf>
Package pdftex.def Info: _proj4__group5_8cpp_acb04e0eba013626be06bd0006a752538_
icgraph.pdf  used on input line 213.
(pdftex.def)             Requested size: 350.0pt x 73.74985pt.
 [38]
Underfull \hbox (badness 10000) detected at line 237
[][][]
 []


Underfull \hbox (badness 10000) detected at line 240
[][][]
 []

 <./_proj4__group5_8cpp_afaf32063c880d9fff26db31431c33bbc_cgraph.pdf>
<_proj4__group5_8cpp_afaf32063c880d9fff26db31431c33bbc_cgraph.pdf, id=1528, 481
.8pt x 274.02374pt>
File: _proj4__group5_8cpp_afaf32063c880d9fff26db31431c33bbc_cgraph.pdf Graphic 
file (type pdf)
<use _proj4__group5_8cpp_afaf32063c880d9fff26db31431c33bbc_cgraph.pdf>
Package pdftex.def Info: _proj4__group5_8cpp_afaf32063c880d9fff26db31431c33bbc_
cgraph.pdf  used on input line 248.
(pdftex.def)             Requested size: 350.0pt x 199.06561pt.
 <./_proj4__group5_8cpp_afaf32063c880d9fff26db31431c33bbc_icgraph.pdf

pdfTeX warning: pdflatex (file ./_proj4__group5_8cpp_afaf32063c880d9fff26db3143
1c33bbc_icgraph.pdf): PDF inclusion: multiple pdfs with page group included in 
a single page
>
<_proj4__group5_8cpp_afaf32063c880d9fff26db31431c33bbc_icgraph.pdf, id=1536, 24
4.915pt x 99.37125pt>
File: _proj4__group5_8cpp_afaf32063c880d9fff26db31431c33bbc_icgraph.pdf Graphic
 file (type pdf)
<use _proj4__group5_8cpp_afaf32063c880d9fff26db31431c33bbc_icgraph.pdf>
Package pdftex.def Info: _proj4__group5_8cpp_afaf32063c880d9fff26db31431c33bbc_
icgraph.pdf  used on input line 256.
(pdftex.def)             Requested size: 244.0pt x 99.00253pt.
 [39]
Underfull \hbox (badness 10000) detected at line 280
[][][]
 []


Underfull \hbox (badness 10000) detected at line 283
[][][]
 []

 <./_proj4__group5_8cpp_aa13f04e5e2bbc6eedf108bfb8b9c802e_cgraph.pdf>
<_proj4__group5_8cpp_aa13f04e5e2bbc6eedf108bfb8b9c802e_cgraph.pdf, id=1560, 552
.0625pt x 326.21875pt>
File: _proj4__group5_8cpp_aa13f04e5e2bbc6eedf108bfb8b9c802e_cgraph.pdf Graphic 
file (type pdf)
<use _proj4__group5_8cpp_aa13f04e5e2bbc6eedf108bfb8b9c802e_cgraph.pdf>
Package pdftex.def Info: _proj4__group5_8cpp_aa13f04e5e2bbc6eedf108bfb8b9c802e_
cgraph.pdf  used on input line 291.
(pdftex.def)             Requested size: 350.0pt x 206.82802pt.
 <./_proj4__group5_8cpp_aa13f04e5e2bbc6eedf108bfb8b9c802e_icgraph.pdf

pdfTeX warning: pdflatex (file ./_proj4__group5_8cpp_aa13f04e5e2bbc6eedf108bfb8
b9c802e_icgraph.pdf): PDF inclusion: multiple pdfs with page group included in 
a single page
>
<_proj4__group5_8cpp_aa13f04e5e2bbc6eedf108bfb8b9c802e_icgraph.pdf, id=1568, 31
5.1775pt x 99.37125pt>
File: _proj4__group5_8cpp_aa13f04e5e2bbc6eedf108bfb8b9c802e_icgraph.pdf Graphic
 file (type pdf)
<use _proj4__group5_8cpp_aa13f04e5e2bbc6eedf108bfb8b9c802e_icgraph.pdf>
Package pdftex.def Info: _proj4__group5_8cpp_aa13f04e5e2bbc6eedf108bfb8b9c802e_
icgraph.pdf  used on input line 299.
(pdftex.def)             Requested size: 314.0pt x 99.00557pt.
 [40] <./_proj4__group5_8cpp_a8577da1adb2fb8e19116b48e817ddfb1_cgraph.pdf>
<_proj4__group5_8cpp_a8577da1adb2fb8e19116b48e817ddfb1_cgraph.pdf, id=1585, 300
.12125pt x 173.64874pt>
File: _proj4__group5_8cpp_a8577da1adb2fb8e19116b48e817ddfb1_cgraph.pdf Graphic 
file (type pdf)
<use _proj4__group5_8cpp_a8577da1adb2fb8e19116b48e817ddfb1_cgraph.pdf>
Package pdftex.def Info: _proj4__group5_8cpp_a8577da1adb2fb8e19116b48e817ddfb1_
cgraph.pdf  used on input line 313.
(pdftex.def)             Requested size: 299.0pt x 173.01505pt.

[41]
Underfull \hbox (badness 10000) detected at line 331
[][][]
 []


Underfull \hbox (badness 10000) detected at line 334
[][][]
 []

 <./_proj4__group5_8cpp_a50243468f4a46ee95c60495dd153e096_cgraph.pdf>
<_proj4__group5_8cpp_a50243468f4a46ee95c60495dd153e096_cgraph.pdf, id=1606, 333
.245pt x 173.64874pt>
File: _proj4__group5_8cpp_a50243468f4a46ee95c60495dd153e096_cgraph.pdf Graphic 
file (type pdf)
<use _proj4__group5_8cpp_a50243468f4a46ee95c60495dd153e096_cgraph.pdf>
Package pdftex.def Info: _proj4__group5_8cpp_a50243468f4a46ee95c60495dd153e096_
cgraph.pdf  used on input line 342.
(pdftex.def)             Requested size: 332.0pt x 173.01239pt.
 <./_proj4__group5_8cpp_a50243468f4a46ee95c60495dd153e096_icgraph.pdf

pdfTeX warning: pdflatex (file ./_proj4__group5_8cpp_a50243468f4a46ee95c60495dd
153e096_icgraph.pdf): PDF inclusion: multiple pdfs with page group included in 
a single page
>
<_proj4__group5_8cpp_a50243468f4a46ee95c60495dd153e096_icgraph.pdf, id=1614, 42
0.57124pt x 136.51pt>
File: _proj4__group5_8cpp_a50243468f4a46ee95c60495dd153e096_icgraph.pdf Graphic
 file (type pdf)
<use _proj4__group5_8cpp_a50243468f4a46ee95c60495dd153e096_icgraph.pdf>
Package pdftex.def Info: _proj4__group5_8cpp_a50243468f4a46ee95c60495dd153e096_
icgraph.pdf  used on input line 350.
(pdftex.def)             Requested size: 350.0pt x 113.60529pt.
 [42]
Underfull \hbox (badness 10000) detected at line 368
[][][]
 []


Underfull \hbox (badness 10000) detected at line 371
[][][]
 []

 <./_proj4__group5_8cpp_afe493882bd9327c0e2b0808f89ada9d6_cgraph.pdf>
<_proj4__group5_8cpp_afe493882bd9327c0e2b0808f89ada9d6_cgraph.pdf, id=1639, 358
.33875pt x 191.71625pt>
File: _proj4__group5_8cpp_afe493882bd9327c0e2b0808f89ada9d6_cgraph.pdf Graphic 
file (type pdf)
<use _proj4__group5_8cpp_afe493882bd9327c0e2b0808f89ada9d6_cgraph.pdf>
Package pdftex.def Info: _proj4__group5_8cpp_afe493882bd9327c0e2b0808f89ada9d6_
cgraph.pdf  used on input line 379.
(pdftex.def)             Requested size: 350.0pt x 187.26631pt.
 [43]
Underfull \hbox (badness 10000) detected at line 397
[][][]
 []


Underfull \hbox (badness 10000) detected at line 400
[][][]
 []

 <./_proj4__group5_8cpp_a2c613cc04ac292e3fcbb341a301bfcc4_cgraph.pdf>
<_proj4__group5_8cpp_a2c613cc04ac292e3fcbb341a301bfcc4_cgraph.pdf, id=1665, 560
.0925pt x 265.99374pt>
File: _proj4__group5_8cpp_a2c613cc04ac292e3fcbb341a301bfcc4_cgraph.pdf Graphic 
file (type pdf)
<use _proj4__group5_8cpp_a2c613cc04ac292e3fcbb341a301bfcc4_cgraph.pdf>
Package pdftex.def Info: _proj4__group5_8cpp_a2c613cc04ac292e3fcbb341a301bfcc4_
cgraph.pdf  used on input line 408.
(pdftex.def)             Requested size: 350.0pt x 166.22537pt.
 <./_proj4__group5_8cpp_a2c613cc04ac292e3fcbb341a301bfcc4_icgraph.pdf

pdfTeX warning: pdflatex (file ./_proj4__group5_8cpp_a2c613cc04ac292e3fcbb341a3
01bfcc4_icgraph.pdf): PDF inclusion: multiple pdfs with page group included in 
a single page
>
<_proj4__group5_8cpp_a2c613cc04ac292e3fcbb341a301bfcc4_icgraph.pdf, id=1673, 31
2.16624pt x 99.37125pt>
File: _proj4__group5_8cpp_a2c613cc04ac292e3fcbb341a301bfcc4_icgraph.pdf Graphic
 file (type pdf)
<use _proj4__group5_8cpp_a2c613cc04ac292e3fcbb341a301bfcc4_icgraph.pdf>
Package pdftex.def Info: _proj4__group5_8cpp_a2c613cc04ac292e3fcbb341a301bfcc4_
icgraph.pdf  used on input line 416.
(pdftex.def)             Requested size: 311.0pt x 99.00253pt.
 [44]
Underfull \hbox (badness 10000) detected at line 432
[][][]
 []


Underfull \hbox (badness 10000) detected at line 435
[][][]
 []

 <./_proj4__group5_8cpp_a4e337a3ca86f08df3f11fdcc3d7a8fc9_icgraph.pdf>
<_proj4__group5_8cpp_a4e337a3ca86f08df3f11fdcc3d7a8fc9_icgraph.pdf, id=1693, 23
1.86626pt x 99.37125pt>
File: _proj4__group5_8cpp_a4e337a3ca86f08df3f11fdcc3d7a8fc9_icgraph.pdf Graphic
 file (type pdf)
<use _proj4__group5_8cpp_a4e337a3ca86f08df3f11fdcc3d7a8fc9_icgraph.pdf>
Package pdftex.def Info: _proj4__group5_8cpp_a4e337a3ca86f08df3f11fdcc3d7a8fc9_
icgraph.pdf  used on input line 443.
(pdftex.def)             Requested size: 231.0pt x 99.00253pt.

Underfull \hbox (badness 10000) detected at line 467
[][][]
 []


Underfull \hbox (badness 10000) detected at line 470
[][][]
 []

 <./_proj4__group5_8cpp_a967ffd75b5a2f2de4d2468ab45162803_cgraph.pdf

pdfTeX warning: pdflatex (file ./_proj4__group5_8cpp_a967ffd75b5a2f2de4d2468ab4
5162803_cgraph.pdf): PDF inclusion: multiple pdfs with page group included in a
 single page
>
<_proj4__group5_8cpp_a967ffd75b5a2f2de4d2468ab45162803_cgraph.pdf, id=1711, 255
.95625pt x 99.37125pt>
File: _proj4__group5_8cpp_a967ffd75b5a2f2de4d2468ab45162803_cgraph.pdf Graphic 
file (type pdf)
<use _proj4__group5_8cpp_a967ffd75b5a2f2de4d2468ab45162803_cgraph.pdf>
Package pdftex.def Info: _proj4__group5_8cpp_a967ffd75b5a2f2de4d2468ab45162803_
cgraph.pdf  used on input line 478.
(pdftex.def)             Requested size: 255.0pt x 98.99951pt.
 [45] <./_proj4__group5_8cpp_a967ffd75b5a2f2de4d2468ab45162803_icgraph.pdf>
<_proj4__group5_8cpp_a967ffd75b5a2f2de4d2468ab45162803_icgraph.pdf, id=1727, 24
1.90375pt x 99.37125pt>
File: _proj4__group5_8cpp_a967ffd75b5a2f2de4d2468ab45162803_icgraph.pdf Graphic
 file (type pdf)
<use _proj4__group5_8cpp_a967ffd75b5a2f2de4d2468ab45162803_icgraph.pdf>
Package pdftex.def Info: _proj4__group5_8cpp_a967ffd75b5a2f2de4d2468ab45162803_
icgraph.pdf  used on input line 486.
(pdftex.def)             Requested size: 241.0pt x 99.00406pt.

[46]) (./_state_8h.tex <./_state_8h__dep__incl.pdf>
<_state_8h__dep__incl.pdf, id=1745, 283.0575pt x 154.5775pt>
File: _state_8h__dep__incl.pdf Graphic file (type pdf)
<use _state_8h__dep__incl.pdf>
Package pdftex.def Info: _state_8h__dep__incl.pdf  used on input line 13.
(pdftex.def)             Requested size: 282.0pt x 154.01338pt.

Underfull \hbox (badness 10000) detected at line 26
[][][]
 []

) (./_state_8h_source.tex [47]) (./zipcode_8cpp.tex <./zipcode_8cpp__incl.pdf>
<zipcode_8cpp__incl.pdf, id=1786, 306.14375pt x 320.19624pt>
File: zipcode_8cpp__incl.pdf Graphic file (type pdf)
<use zipcode_8cpp__incl.pdf>
Package pdftex.def Info: zipcode_8cpp__incl.pdf  used on input line 16.
(pdftex.def)             Requested size: 305.0pt x 319.01796pt.

[48] <./zipcode_8cpp__dep__incl.pdf

pdfTeX warning: pdflatex (file ./zipcode_8cpp__dep__incl.pdf): PDF inclusion: m
ultiple pdfs with page group included in a single page
>
<zipcode_8cpp__dep__incl.pdf, id=1798, 283.0575pt x 209.78375pt>
File: zipcode_8cpp__dep__incl.pdf Graphic file (type pdf)
<use zipcode_8cpp__dep__incl.pdf>
Package pdftex.def Info: zipcode_8cpp__dep__incl.pdf  used on input line 24.
(pdftex.def)             Requested size: 282.0pt x 209.01816pt.
 [49]
Underfull \hbox (badness 10000) detected at line 32
[][][]
 []


Underfull \hbox (badness 10000) detected at line 35
[][][]
 []


Underfull \hbox (badness 10000) detected at line 38
[][][]
 []

) (./zipcode_8h.tex <./zipcode_8h__incl.pdf>
<zipcode_8h__incl.pdf, id=1816, 330.23375pt x 264.99pt>
File: zipcode_8h__incl.pdf Graphic file (type pdf)
<use zipcode_8h__incl.pdf>
Package pdftex.def Info: zipcode_8h__incl.pdf  used on input line 16.
(pdftex.def)             Requested size: 329.0pt x 264.01083pt.
 <./zipcode_8h__dep__incl.pdf

pdfTeX warning: pdflatex (file ./zipcode_8h__dep__incl.pdf): PDF inclusion: mul
tiple pdfs with page group included in a single page
>
<zipcode_8h__dep__incl.pdf, id=1824, 371.3875pt x 154.5775pt>
File: zipcode_8h__dep__incl.pdf Graphic file (type pdf)
<use zipcode_8h__dep__incl.pdf>
Package pdftex.def Info: zipcode_8h__dep__incl.pdf  used on input line 24.
(pdftex.def)             Requested size: 350.0pt x 145.67787pt.
 [50]
Underfull \hbox (badness 10000) detected at line 37
[][][]
 []


Underfull \hbox (badness 10000) detected at line 40
[][][]
 []


Underfull \hbox (badness 10000) detected at line 43
[][][]
 []

) (./zipcode_8h_source.tex [51]) [52] (./refman.ind [53



] [54] [55

])
(./refman.aux)
Package rerunfilecheck Info: File `refman.out' has not changed.
(rerunfilecheck)             Checksum: AE8140766F06D7301EF6B02E0F9E2BF6;20181.
 ) 
Here is how much of TeX's memory you used:
 18907 strings out of 478268
 331784 string characters out of 5846347
 623417 words of memory out of 5000000
 36396 multiletter control sequences out of 15000+600000
 527183 words of font info for 98 fonts, out of 8000000 for 9000
 1141 hyphenation exceptions out of 8191
 99i,16n,117p,525b,632s stack positions out of 10000i,1000n,20000p,200000b,200000s
{/usr/local/texlive/2022/texmf-dist/fonts/enc/dvips/base/8r.enc}</usr/local/t
exlive/2022/texmf-dist/fonts/type1/public/amsfonts/cm/cmmi10.pfb></usr/local/te
xlive/2022/texmf-dist/fonts/type1/public/amsfonts/cm/cmsy10.pfb></usr/local/tex
live/2022/texmf-dist/fonts/type1/public/amsfonts/cm/cmsy8.pfb></usr/local/texli
ve/2022/texmf-dist/fonts/type1/urw/courier/ucrr8a.pfb></usr/local/texlive/2022/
texmf-dist/fonts/type1/urw/courier/ucrro8a.pfb></usr/local/texlive/2022/texmf-d
ist/fonts/type1/urw/helvetic/uhvb8a.pfb></usr/local/texlive/2022/texmf-dist/fon
ts/type1/urw/helvetic/uhvb8ac.pfb></usr/local/texlive/2022/texmf-dist/fonts/typ
e1/urw/helvetic/uhvr8a.pfb></usr/local/texlive/2022/texmf-dist/fonts/type1/urw/
helvetic/uhvro8a.pfb>
Output written on refman.pdf (61 pages, 692500 bytes).
PDF statistics:
 2158 PDF objects out of 2487 (max. 8388607)
 1831 compressed objects within 19 object streams
 353 named destinations out of 1000 (max. 500000)
 1184 words of extra memory for PDF output out of 10000 (max. 10000000)

