\BOOKMARK [0][-]{chapter.1}{\376\377\0001\000\040\000C\000l\000a\000s\000s\000\040\000I\000n\000d\000e\000x}{}% 1
\BOOKMARK [1][-]{section.1.1}{\376\377\0001\000.\0001\000\040\000C\000l\000a\000s\000s\000\040\000L\000i\000s\000t}{chapter.1}% 2
\BOOKMARK [0][-]{chapter.2}{\376\377\0002\000\040\000F\000i\000l\000e\000\040\000I\000n\000d\000e\000x}{}% 3
\BOOKMARK [1][-]{section.2.1}{\376\377\0002\000.\0001\000\040\000F\000i\000l\000e\000\040\000L\000i\000s\000t}{chapter.2}% 4
\BOOKMARK [0][-]{chapter.3}{\376\377\0003\000\040\000C\000l\000a\000s\000s\000\040\000D\000o\000c\000u\000m\000e\000n\000t\000a\000t\000i\000o\000n}{}% 5
\BOOKMARK [1][-]{section.3.1}{\376\377\0003\000.\0001\000\040\000D\000e\000l\000i\000m\000T\000e\000x\000t\000B\000u\000f\000f\000e\000r\000\040\000C\000l\000a\000s\000s\000\040\000R\000e\000f\000e\000r\000e\000n\000c\000e}{chapter.3}% 6
\BOOKMARK [2][-]{subsection.3.1.1}{\376\377\0003\000.\0001\000.\0001\000\040\000C\000o\000n\000s\000t\000r\000u\000c\000t\000o\000r\000\040\000\046\000\040\000D\000e\000s\000t\000r\000u\000c\000t\000o\000r\000\040\000D\000o\000c\000u\000m\000e\000n\000t\000a\000t\000i\000o\000n}{section.3.1}% 7
\BOOKMARK [3][-]{subsubsection.3.1.1.1}{\376\377\0003\000.\0001\000.\0001\000.\0001\000\040\000D\000e\000l\000i\000m\000T\000e\000x\000t\000B\000u\000f\000f\000e\000r\000\050\000\051}{subsection.3.1.1}% 8
\BOOKMARK [2][-]{subsection.3.1.2}{\376\377\0003\000.\0001\000.\0002\000\040\000M\000e\000m\000b\000e\000r\000\040\000F\000u\000n\000c\000t\000i\000o\000n\000\040\000D\000o\000c\000u\000m\000e\000n\000t\000a\000t\000i\000o\000n}{section.3.1}% 9
\BOOKMARK [3][-]{subsubsection.3.1.2.1}{\376\377\0003\000.\0001\000.\0002\000.\0001\000\040\000C\000l\000e\000a\000r\000\050\000\051}{subsection.3.1.2}% 10
\BOOKMARK [3][-]{subsubsection.3.1.2.2}{\376\377\0003\000.\0001\000.\0002\000.\0002\000\040\000I\000n\000i\000t\000\050\000\051}{subsection.3.1.2}% 11
\BOOKMARK [3][-]{subsubsection.3.1.2.3}{\376\377\0003\000.\0001\000.\0002\000.\0003\000\040\000P\000a\000c\000k\000\050\000\051}{subsection.3.1.2}% 12
\BOOKMARK [3][-]{subsubsection.3.1.2.4}{\376\377\0003\000.\0001\000.\0002\000.\0004\000\040\000P\000a\000c\000k\000H\000e\000a\000d\000e\000r\000\050\000\051}{subsection.3.1.2}% 13
\BOOKMARK [3][-]{subsubsection.3.1.2.5}{\376\377\0003\000.\0001\000.\0002\000.\0005\000\040\000P\000r\000i\000n\000t\000\050\000\051}{subsection.3.1.2}% 14
\BOOKMARK [3][-]{subsubsection.3.1.2.6}{\376\377\0003\000.\0001\000.\0002\000.\0006\000\040\000R\000e\000a\000d\000\050\000\051}{subsection.3.1.2}% 15
\BOOKMARK [3][-]{subsubsection.3.1.2.7}{\376\377\0003\000.\0001\000.\0002\000.\0007\000\040\000R\000e\000a\000d\000H\000e\000a\000d\000e\000r\000\050\000\051}{subsection.3.1.2}% 16
\BOOKMARK [3][-]{subsubsection.3.1.2.8}{\376\377\0003\000.\0001\000.\0002\000.\0008\000\040\000U\000n\000p\000a\000c\000k\000\050\000\051}{subsection.3.1.2}% 17
\BOOKMARK [3][-]{subsubsection.3.1.2.9}{\376\377\0003\000.\0001\000.\0002\000.\0009\000\040\000U\000n\000p\000a\000c\000k\000H\000e\000a\000d\000e\000r\000\050\000\051}{subsection.3.1.2}% 18
\BOOKMARK [3][-]{subsubsection.3.1.2.10}{\376\377\0003\000.\0001\000.\0002\000.\0001\0000\000\040\000W\000r\000i\000t\000e\000\050\000\051}{subsection.3.1.2}% 19
\BOOKMARK [3][-]{subsubsection.3.1.2.11}{\376\377\0003\000.\0001\000.\0002\000.\0001\0001\000\040\000W\000r\000i\000t\000e\000H\000e\000a\000d\000e\000r\000\050\000\051}{subsection.3.1.2}% 20
\BOOKMARK [2][-]{subsection.3.1.3}{\376\377\0003\000.\0001\000.\0003\000\040\000M\000e\000m\000b\000e\000r\000\040\000D\000a\000t\000a\000\040\000D\000o\000c\000u\000m\000e\000n\000t\000a\000t\000i\000o\000n}{section.3.1}% 21
\BOOKMARK [3][-]{subsubsection.3.1.3.1}{\376\377\0003\000.\0001\000.\0003\000.\0001\000\040\000B\000u\000f\000f\000e\000r}{subsection.3.1.3}% 22
\BOOKMARK [3][-]{subsubsection.3.1.3.2}{\376\377\0003\000.\0001\000.\0003\000.\0002\000\040\000B\000u\000f\000f\000e\000r\000S\000i\000z\000e}{subsection.3.1.3}% 23
\BOOKMARK [3][-]{subsubsection.3.1.3.3}{\376\377\0003\000.\0001\000.\0003\000.\0003\000\040\000c\000o\000u\000n\000t}{subsection.3.1.3}% 24
\BOOKMARK [3][-]{subsubsection.3.1.3.4}{\376\377\0003\000.\0001\000.\0003\000.\0004\000\040\000D\000e\000l\000i\000m}{subsection.3.1.3}% 25
\BOOKMARK [3][-]{subsubsection.3.1.3.5}{\376\377\0003\000.\0001\000.\0003\000.\0005\000\040\000D\000e\000l\000i\000m\000S\000t\000r}{subsection.3.1.3}% 26
\BOOKMARK [3][-]{subsubsection.3.1.3.6}{\376\377\0003\000.\0001\000.\0003\000.\0006\000\040\000M\000a\000x\000B\000y\000t\000e\000s}{subsection.3.1.3}% 27
\BOOKMARK [3][-]{subsubsection.3.1.3.7}{\376\377\0003\000.\0001\000.\0003\000.\0007\000\040\000N\000e\000x\000t\000B\000y\000t\000e}{subsection.3.1.3}% 28
\BOOKMARK [3][-]{subsubsection.3.1.3.8}{\376\377\0003\000.\0001\000.\0003\000.\0008\000\040\000R\000b\000u\000f\000f\000e\000r}{subsection.3.1.3}% 29
\BOOKMARK [1][-]{section.3.2}{\376\377\0003\000.\0002\000\040\000P\000K\000I\000S\000t\000r\000u\000c\000t\000\040\000S\000t\000r\000u\000c\000t\000\040\000R\000e\000f\000e\000r\000e\000n\000c\000e}{chapter.3}% 30
\BOOKMARK [2][-]{subsection.3.2.1}{\376\377\0003\000.\0002\000.\0001\000\040\000M\000e\000m\000b\000e\000r\000\040\000D\000a\000t\000a\000\040\000D\000o\000c\000u\000m\000e\000n\000t\000a\000t\000i\000o\000n}{section.3.2}% 31
\BOOKMARK [3][-]{subsubsection.3.2.1.1}{\376\377\0003\000.\0002\000.\0001\000.\0001\000\040\000b\000y\000t\000e\000O\000f\000f\000s\000e\000t}{subsection.3.2.1}% 32
\BOOKMARK [3][-]{subsubsection.3.2.1.2}{\376\377\0003\000.\0002\000.\0001\000.\0002\000\040\000z\000i\000p\000c\000o\000d\000e}{subsection.3.2.1}% 33
\BOOKMARK [1][-]{section.3.3}{\376\377\0003\000.\0003\000\040\000S\000t\000a\000t\000e\000\040\000C\000l\000a\000s\000s\000\040\000R\000e\000f\000e\000r\000e\000n\000c\000e}{chapter.3}% 34
\BOOKMARK [2][-]{subsection.3.3.1}{\376\377\0003\000.\0003\000.\0001\000\040\000C\000o\000n\000s\000t\000r\000u\000c\000t\000o\000r\000\040\000\046\000\040\000D\000e\000s\000t\000r\000u\000c\000t\000o\000r\000\040\000D\000o\000c\000u\000m\000e\000n\000t\000a\000t\000i\000o\000n}{section.3.3}% 35
\BOOKMARK [3][-]{subsubsection.3.3.1.1}{\376\377\0003\000.\0003\000.\0001\000.\0001\000\040\000S\000t\000a\000t\000e\000\050\000\051}{subsection.3.3.1}% 36
\BOOKMARK [2][-]{subsection.3.3.2}{\376\377\0003\000.\0003\000.\0002\000\040\000M\000e\000m\000b\000e\000r\000\040\000D\000a\000t\000a\000\040\000D\000o\000c\000u\000m\000e\000n\000t\000a\000t\000i\000o\000n}{section.3.3}% 37
\BOOKMARK [3][-]{subsubsection.3.3.2.1}{\376\377\0003\000.\0003\000.\0002\000.\0001\000\040\000e\000a\000s\000t\000e\000r\000n\000Z\000i\000p\000c\000o\000d\000e}{subsection.3.3.2}% 38
\BOOKMARK [3][-]{subsubsection.3.3.2.2}{\376\377\0003\000.\0003\000.\0002\000.\0002\000\040\000l\000a\000r\000g\000e\000s\000t\000L\000a\000t}{subsection.3.3.2}% 39
\BOOKMARK [3][-]{subsubsection.3.3.2.3}{\376\377\0003\000.\0003\000.\0002\000.\0003\000\040\000l\000a\000r\000g\000e\000s\000t\000L\000o\000n\000g}{subsection.3.3.2}% 40
\BOOKMARK [3][-]{subsubsection.3.3.2.4}{\376\377\0003\000.\0003\000.\0002\000.\0004\000\040\000n\000o\000r\000t\000h\000e\000r\000n\000Z\000i\000p\000c\000o\000d\000e}{subsection.3.3.2}% 41
\BOOKMARK [3][-]{subsubsection.3.3.2.5}{\376\377\0003\000.\0003\000.\0002\000.\0005\000\040\000s\000m\000a\000l\000l\000e\000s\000t\000L\000a\000t}{subsection.3.3.2}% 42
\BOOKMARK [3][-]{subsubsection.3.3.2.6}{\376\377\0003\000.\0003\000.\0002\000.\0006\000\040\000s\000m\000a\000l\000l\000e\000s\000t\000L\000o\000n\000g}{subsection.3.3.2}% 43
\BOOKMARK [3][-]{subsubsection.3.3.2.7}{\376\377\0003\000.\0003\000.\0002\000.\0007\000\040\000s\000o\000u\000t\000h\000e\000r\000n\000Z\000i\000p\000c\000o\000d\000e}{subsection.3.3.2}% 44
\BOOKMARK [3][-]{subsubsection.3.3.2.8}{\376\377\0003\000.\0003\000.\0002\000.\0008\000\040\000s\000t\000a\000t\000e\000N\000a\000m\000e}{subsection.3.3.2}% 45
\BOOKMARK [3][-]{subsubsection.3.3.2.9}{\376\377\0003\000.\0003\000.\0002\000.\0009\000\040\000w\000e\000s\000t\000e\000r\000n\000Z\000i\000p\000c\000o\000d\000e}{subsection.3.3.2}% 46
\BOOKMARK [1][-]{section.3.4}{\376\377\0003\000.\0004\000\040\000Z\000i\000p\000c\000o\000d\000e\000\040\000C\000l\000a\000s\000s\000\040\000R\000e\000f\000e\000r\000e\000n\000c\000e}{chapter.3}% 47
\BOOKMARK [2][-]{subsection.3.4.1}{\376\377\0003\000.\0004\000.\0001\000\040\000C\000o\000n\000s\000t\000r\000u\000c\000t\000o\000r\000\040\000\046\000\040\000D\000e\000s\000t\000r\000u\000c\000t\000o\000r\000\040\000D\000o\000c\000u\000m\000e\000n\000t\000a\000t\000i\000o\000n}{section.3.4}% 48
\BOOKMARK [3][-]{subsubsection.3.4.1.1}{\376\377\0003\000.\0004\000.\0001\000.\0001\000\040\000Z\000i\000p\000c\000o\000d\000e\000\050\000\051}{subsection.3.4.1}% 49
\BOOKMARK [2][-]{subsection.3.4.2}{\376\377\0003\000.\0004\000.\0002\000\040\000M\000e\000m\000b\000e\000r\000\040\000F\000u\000n\000c\000t\000i\000o\000n\000\040\000D\000o\000c\000u\000m\000e\000n\000t\000a\000t\000i\000o\000n}{section.3.4}% 50
\BOOKMARK [3][-]{subsubsection.3.4.2.1}{\376\377\0003\000.\0004\000.\0002\000.\0001\000\040\000C\000l\000e\000a\000r\000\050\000\051}{subsection.3.4.2}% 51
\BOOKMARK [3][-]{subsubsection.3.4.2.2}{\376\377\0003\000.\0004\000.\0002\000.\0002\000\040\000I\000n\000i\000t\000B\000u\000f\000f\000e\000r\000\050\000\051}{subsection.3.4.2}% 52
\BOOKMARK [3][-]{subsubsection.3.4.2.3}{\376\377\0003\000.\0004\000.\0002\000.\0003\000\040\000P\000a\000c\000k\000\050\000\051}{subsection.3.4.2}% 53
\BOOKMARK [3][-]{subsubsection.3.4.2.4}{\376\377\0003\000.\0004\000.\0002\000.\0004\000\040\000P\000r\000i\000n\000t\000\050\000\051}{subsection.3.4.2}% 54
\BOOKMARK [3][-]{subsubsection.3.4.2.5}{\376\377\0003\000.\0004\000.\0002\000.\0005\000\040\000S\000i\000z\000e\000\050\000\051}{subsection.3.4.2}% 55
\BOOKMARK [3][-]{subsubsection.3.4.2.6}{\376\377\0003\000.\0004\000.\0002\000.\0006\000\040\000U\000n\000p\000a\000c\000k\000\050\000\051}{subsection.3.4.2}% 56
\BOOKMARK [2][-]{subsection.3.4.3}{\376\377\0003\000.\0004\000.\0003\000\040\000M\000e\000m\000b\000e\000r\000\040\000D\000a\000t\000a\000\040\000D\000o\000c\000u\000m\000e\000n\000t\000a\000t\000i\000o\000n}{section.3.4}% 57
\BOOKMARK [3][-]{subsubsection.3.4.3.1}{\376\377\0003\000.\0004\000.\0003\000.\0001\000\040\000C\000o\000d\000e}{subsection.3.4.3}% 58
\BOOKMARK [3][-]{subsubsection.3.4.3.2}{\376\377\0003\000.\0004\000.\0003\000.\0002\000\040\000C\000o\000u\000n\000t\000y}{subsection.3.4.3}% 59
\BOOKMARK [3][-]{subsubsection.3.4.3.3}{\376\377\0003\000.\0004\000.\0003\000.\0003\000\040\000L\000a\000t}{subsection.3.4.3}% 60
\BOOKMARK [3][-]{subsubsection.3.4.3.4}{\376\377\0003\000.\0004\000.\0003\000.\0004\000\040\000L\000o\000n\000g}{subsection.3.4.3}% 61
\BOOKMARK [3][-]{subsubsection.3.4.3.5}{\376\377\0003\000.\0004\000.\0003\000.\0005\000\040\000P\000l\000a\000c\000e\000n\000a\000m\000e}{subsection.3.4.3}% 62
\BOOKMARK [3][-]{subsubsection.3.4.3.6}{\376\377\0003\000.\0004\000.\0003\000.\0006\000\040\000S\000t\000a\000t\000e}{subsection.3.4.3}% 63
\BOOKMARK [0][-]{chapter.4}{\376\377\0004\000\040\000F\000i\000l\000e\000\040\000D\000o\000c\000u\000m\000e\000n\000t\000a\000t\000i\000o\000n}{}% 64
\BOOKMARK [1][-]{section.4.1}{\376\377\0004\000.\0001\000\040\000d\000e\000l\000t\000e\000x\000t\000.\000c\000p\000p\000\040\000F\000i\000l\000e\000\040\000R\000e\000f\000e\000r\000e\000n\000c\000e}{chapter.4}% 65
\BOOKMARK [1][-]{section.4.2}{\376\377\0004\000.\0002\000\040\000d\000e\000l\000t\000e\000x\000t\000.\000h\000\040\000F\000i\000l\000e\000\040\000R\000e\000f\000e\000r\000e\000n\000c\000e}{chapter.4}% 66
\BOOKMARK [2][-]{subsection.4.2.1}{\376\377\0004\000.\0002\000.\0001\000\040\000M\000a\000c\000r\000o\000\040\000D\000e\000f\000i\000n\000i\000t\000i\000o\000n\000\040\000D\000o\000c\000u\000m\000e\000n\000t\000a\000t\000i\000o\000n}{section.4.2}% 67
\BOOKMARK [3][-]{subsubsection.4.2.1.1}{\376\377\0004\000.\0002\000.\0001\000.\0001\000\040\000F\000A\000L\000S\000E}{subsection.4.2.1}% 68
\BOOKMARK [3][-]{subsubsection.4.2.1.2}{\376\377\0004\000.\0002\000.\0001\000.\0002\000\040\000T\000R\000U\000E}{subsection.4.2.1}% 69
\BOOKMARK [1][-]{section.4.3}{\376\377\0004\000.\0003\000\040\000d\000e\000l\000t\000e\000x\000t\000.\000h}{chapter.4}% 70
\BOOKMARK [1][-]{section.4.4}{\376\377\0004\000.\0004\000\040\000P\000r\000o\000j\0003\000\137\000g\000r\000o\000u\000p\0005\000.\000c\000p\000p\000\040\000F\000i\000l\000e\000\040\000R\000e\000f\000e\000r\000e\000n\000c\000e}{chapter.4}% 71
\BOOKMARK [2][-]{subsection.4.4.1}{\376\377\0004\000.\0004\000.\0001\000\040\000D\000e\000t\000a\000i\000l\000e\000d\000\040\000D\000e\000s\000c\000r\000i\000p\000t\000i\000o\000n}{section.4.4}% 72
\BOOKMARK [2][-]{subsection.4.4.2}{\376\377\0004\000.\0004\000.\0002\000\040\000F\000u\000n\000c\000t\000i\000o\000n\000\040\000D\000o\000c\000u\000m\000e\000n\000t\000a\000t\000i\000o\000n}{section.4.4}% 73
\BOOKMARK [3][-]{subsubsection.4.4.2.1}{\376\377\0004\000.\0004\000.\0002\000.\0001\000\040\000a\000p\000p\000l\000i\000c\000a\000t\000i\000o\000n\000\050\000\051}{subsection.4.4.2}% 74
\BOOKMARK [3][-]{subsubsection.4.4.2.2}{\376\377\0004\000.\0004\000.\0002\000.\0002\000\040\000c\000o\000m\000p\000a\000r\000e\000S\000t\000a\000t\000e\000s\000\050\000\051}{subsection.4.4.2}% 75
\BOOKMARK [3][-]{subsubsection.4.4.2.3}{\376\377\0004\000.\0004\000.\0002\000.\0003\000\040\000c\000o\000n\000s\000t\000r\000u\000c\000t\000S\000t\000a\000t\000e\000A\000r\000r\000a\000y\000\050\000\051}{subsection.4.4.2}% 76
\BOOKMARK [3][-]{subsubsection.4.4.2.4}{\376\377\0004\000.\0004\000.\0002\000.\0004\000\040\000m\000a\000i\000n\000\050\000\051}{subsection.4.4.2}% 77
\BOOKMARK [3][-]{subsubsection.4.4.2.5}{\376\377\0004\000.\0004\000.\0002\000.\0005\000\040\000o\000u\000t\000p\000u\000t\000T\000a\000b\000l\000e\000\050\000\051}{subsection.4.4.2}% 78
\BOOKMARK [3][-]{subsubsection.4.4.2.6}{\376\377\0004\000.\0004\000.\0002\000.\0006\000\040\000s\000e\000t\000Z\000i\000p\000C\000o\000d\000e\000s\000\050\000\051}{subsection.4.4.2}% 79
\BOOKMARK [1][-]{section.4.5}{\376\377\0004\000.\0005\000\040\000P\000r\000o\000j\0004\000\137\000g\000r\000o\000u\000p\0005\000.\000c\000p\000p\000\040\000F\000i\000l\000e\000\040\000R\000e\000f\000e\000r\000e\000n\000c\000e}{chapter.4}% 80
\BOOKMARK [2][-]{subsection.4.5.1}{\376\377\0004\000.\0005\000.\0001\000\040\000D\000e\000t\000a\000i\000l\000e\000d\000\040\000D\000e\000s\000c\000r\000i\000p\000t\000i\000o\000n}{section.4.5}% 81
\BOOKMARK [2][-]{subsection.4.5.2}{\376\377\0004\000.\0005\000.\0002\000\040\000F\000u\000n\000c\000t\000i\000o\000n\000\040\000D\000o\000c\000u\000m\000e\000n\000t\000a\000t\000i\000o\000n}{section.4.5}% 82
\BOOKMARK [3][-]{subsubsection.4.5.2.1}{\376\377\0004\000.\0005\000.\0002\000.\0001\000\040\000a\000p\000p\000l\000i\000c\000a\000t\000i\000o\000n\000\050\000\051}{subsection.4.5.2}% 83
\BOOKMARK [3][-]{subsubsection.4.5.2.2}{\376\377\0004\000.\0005\000.\0002\000.\0002\000\040\000c\000o\000m\000p\000a\000r\000e\000S\000t\000a\000t\000e\000s\000\050\000\051}{subsection.4.5.2}% 84
\BOOKMARK [3][-]{subsubsection.4.5.2.3}{\376\377\0004\000.\0005\000.\0002\000.\0003\000\040\000c\000o\000n\000s\000t\000r\000u\000c\000t\000S\000t\000a\000t\000e\000A\000r\000r\000a\000y\000\050\000\051}{subsection.4.5.2}% 85
\BOOKMARK [3][-]{subsubsection.4.5.2.4}{\376\377\0004\000.\0005\000.\0002\000.\0004\000\040\000g\000e\000n\000e\000r\000a\000t\000e\000C\000o\000l\000u\000m\000n\000O\000r\000d\000e\000r\000\050\000\051}{subsection.4.5.2}% 86
\BOOKMARK [3][-]{subsubsection.4.5.2.5}{\376\377\0004\000.\0005\000.\0002\000.\0005\000\040\000g\000e\000n\000e\000r\000a\000t\000e\000P\000K\000I\000\050\000\051}{subsection.4.5.2}% 87
\BOOKMARK [3][-]{subsubsection.4.5.2.6}{\376\377\0004\000.\0005\000.\0002\000.\0006\000\040\000g\000e\000n\000e\000r\000a\000t\000e\000P\000K\000I\000H\000e\000a\000d\000e\000r\000\050\000\051}{subsection.4.5.2}% 88
\BOOKMARK [3][-]{subsubsection.4.5.2.7}{\376\377\0004\000.\0005\000.\0002\000.\0007\000\040\000m\000a\000i\000n\000\050\000\051}{subsection.4.5.2}% 89
\BOOKMARK [3][-]{subsubsection.4.5.2.8}{\376\377\0004\000.\0005\000.\0002\000.\0008\000\040\000m\000y\000r\000a\000n\000d\000o\000m\000\050\000\051}{subsection.4.5.2}% 90
\BOOKMARK [3][-]{subsubsection.4.5.2.9}{\376\377\0004\000.\0005\000.\0002\000.\0009\000\040\000o\000u\000t\000p\000u\000t\000C\000S\000V\000\050\000\051}{subsection.4.5.2}% 91
\BOOKMARK [3][-]{subsubsection.4.5.2.10}{\376\377\0004\000.\0005\000.\0002\000.\0001\0000\000\040\000o\000u\000t\000p\000u\000t\000R\000a\000n\000d\000o\000m\000C\000o\000l\000u\000m\000n\000C\000S\000V\000\050\000\051}{subsection.4.5.2}% 92
\BOOKMARK [3][-]{subsubsection.4.5.2.11}{\376\377\0004\000.\0005\000.\0002\000.\0001\0001\000\040\000o\000u\000t\000p\000u\000t\000T\000a\000b\000l\000e\000\050\000\051}{subsection.4.5.2}% 93
\BOOKMARK [3][-]{subsubsection.4.5.2.12}{\376\377\0004\000.\0005\000.\0002\000.\0001\0002\000\040\000p\000a\000c\000k\000H\000e\000a\000d\000e\000r\000\050\000\051}{subsection.4.5.2}% 94
\BOOKMARK [3][-]{subsubsection.4.5.2.13}{\376\377\0004\000.\0005\000.\0002\000.\0001\0003\000\040\000r\000e\000a\000d\000F\000i\000l\000e\000N\000o\000H\000e\000a\000d\000e\000r\000L\000e\000n\000g\000t\000h\000\050\000\051}{subsection.4.5.2}% 95
\BOOKMARK [3][-]{subsubsection.4.5.2.14}{\376\377\0004\000.\0005\000.\0002\000.\0001\0004\000\040\000r\000e\000a\000d\000F\000i\000l\000e\000W\000i\000t\000h\000H\000e\000a\000d\000e\000r\000L\000e\000n\000g\000t\000h\000\050\000\051}{subsection.4.5.2}% 96
\BOOKMARK [3][-]{subsubsection.4.5.2.15}{\376\377\0004\000.\0005\000.\0002\000.\0001\0005\000\040\000r\000e\000a\000d\000P\000K\000I\000\050\000\051}{subsection.4.5.2}% 97
\BOOKMARK [3][-]{subsubsection.4.5.2.16}{\376\377\0004\000.\0005\000.\0002\000.\0001\0006\000\040\000s\000e\000a\000r\000c\000h\000P\000K\000I\000\050\000\051}{subsection.4.5.2}% 98
\BOOKMARK [3][-]{subsubsection.4.5.2.17}{\376\377\0004\000.\0005\000.\0002\000.\0001\0007\000\040\000s\000e\000t\000Z\000i\000p\000C\000o\000d\000e\000s\000\050\000\051}{subsection.4.5.2}% 99
\BOOKMARK [2][-]{subsection.4.5.3}{\376\377\0004\000.\0005\000.\0003\000\040\000V\000a\000r\000i\000a\000b\000l\000e\000\040\000D\000o\000c\000u\000m\000e\000n\000t\000a\000t\000i\000o\000n}{section.4.5}% 100
\BOOKMARK [3][-]{subsubsection.4.5.3.1}{\376\377\0004\000.\0005\000.\0003\000.\0001\000\040\000c\000o\000l\000u\000m\000n\000O\000r\000d\000e\000r\000A\000r\000r\000a\000y}{subsection.4.5.3}% 101
\BOOKMARK [3][-]{subsubsection.4.5.3.2}{\376\377\0004\000.\0005\000.\0003\000.\0002\000\040\000h\000e\000a\000d\000e\000r\000A\000r\000r\000a\000y}{subsection.4.5.3}% 102
\BOOKMARK [1][-]{section.4.6}{\376\377\0004\000.\0006\000\040\000S\000t\000a\000t\000e\000.\000h\000\040\000F\000i\000l\000e\000\040\000R\000e\000f\000e\000r\000e\000n\000c\000e}{chapter.4}% 103
\BOOKMARK [2][-]{subsection.4.6.1}{\376\377\0004\000.\0006\000.\0001\000\040\000D\000e\000t\000a\000i\000l\000e\000d\000\040\000D\000e\000s\000c\000r\000i\000p\000t\000i\000o\000n}{section.4.6}% 104
\BOOKMARK [1][-]{section.4.7}{\376\377\0004\000.\0007\000\040\000S\000t\000a\000t\000e\000.\000h}{chapter.4}% 105
\BOOKMARK [1][-]{section.4.8}{\376\377\0004\000.\0008\000\040\000z\000i\000p\000c\000o\000d\000e\000.\000c\000p\000p\000\040\000F\000i\000l\000e\000\040\000R\000e\000f\000e\000r\000e\000n\000c\000e}{chapter.4}% 106
\BOOKMARK [2][-]{subsection.4.8.1}{\376\377\0004\000.\0008\000.\0001\000\040\000D\000e\000t\000a\000i\000l\000e\000d\000\040\000D\000e\000s\000c\000r\000i\000p\000t\000i\000o\000n}{section.4.8}% 107
\BOOKMARK [1][-]{section.4.9}{\376\377\0004\000.\0009\000\040\000z\000i\000p\000c\000o\000d\000e\000.\000h\000\040\000F\000i\000l\000e\000\040\000R\000e\000f\000e\000r\000e\000n\000c\000e}{chapter.4}% 108
\BOOKMARK [2][-]{subsection.4.9.1}{\376\377\0004\000.\0009\000.\0001\000\040\000D\000e\000t\000a\000i\000l\000e\000d\000\040\000D\000e\000s\000c\000r\000i\000p\000t\000i\000o\000n}{section.4.9}% 109
\BOOKMARK [1][-]{section.4.10}{\376\377\0004\000.\0001\0000\000\040\000z\000i\000p\000c\000o\000d\000e\000.\000h}{chapter.4}% 110
\BOOKMARK [0][-]{section*.76}{\376\377\000I\000n\000d\000e\000x}{}% 111
